#
# There is insufficient memory for the Java Runtime Environment to continue.
# Native memory allocation (malloc) failed to allocate 20496336 bytes. Error detail: Chunk::new
# Possible reasons:
#   The system is out of physical RAM or swap space
#   This process is running with CompressedOops enabled, and the Java Heap may be blocking the growth of the native heap
# Possible solutions:
#   Reduce memory load on the system
#   Increase physical memory or swap space
#   Check if swap backing store is full
#   Decrease Java heap size (-Xmx/-Xms)
#   Decrease number of Java threads
#   Decrease Java thread stack sizes (-Xss)
#   Set larger code cache with -XX:ReservedCodeCacheSize=
#   JVM is running with Unscaled Compressed Oops mode in which the Java heap is
#     placed in the first 4GB address space. The Java Heap base address is the
#     maximum limit for the native heap growth. Please use -XX:HeapBaseMinAddress
#     to set the Java Heap base and to place the Java Heap above 4GB virtual address.
# This output file may be truncated or incomplete.
#
#  Out of Memory Error (arena.cpp:162), pid=22288, tid=5616
#
# JRE version: Java(TM) SE Runtime Environment (24.0.2+12) (build 24.0.2+12-54)
# Java VM: Java HotSpot(TM) 64-Bit Server VM (24.0.2+12-54, mixed mode, sharing, tiered, compressed oops, compressed class ptrs, g1 gc, windows-amd64)
# No core dump will be written. Minidumps are not enabled by default on client versions of Windows
#

---------------  S U M M A R Y ------------

Command Line: --enable-native-access=ALL-UNNAMED -Dclassworlds.conf=D:\Netbeans\netbeans\java\maven\bin\m2.conf -Dmaven.home=D:\Netbeans\netbeans\java\maven -Dlibrary.jansi.path=D:\Netbeans\netbeans\java\maven\lib\jansi-native -Dmaven.multiModuleProjectDirectory=C:\Users\alons\OneDrive\Escritorio\Squirlearn\SquirlearnPersistance org.codehaus.plexus.classworlds.launcher.Launcher -Dmaven.ext.class.path=D:\Netbeans\netbeans\java\maven-nblib\netbeans-eventspy.jar --no-transfer-progress clean install

Host: AMD Ryzen 7 3700U with Radeon Vega Mobile Gfx  , 8 cores, 6G,  Windows 11 , 64 bit Build 26100 (10.0.26100.7019)
Time: Wed Nov 19 20:07:49 2025 Hora est. Pacífico, Sudamérica elapsed time: 6.681664 seconds (0d 0h 0m 6s)

---------------  T H R E A D  ---------------

Current thread (0x0000016cbc475700):  JavaThread "C2 CompilerThread1" daemon [_thread_in_native, id=5616, stack(0x0000001870900000,0x0000001870a00000) (1024K)]


Current CompileTask:
C2:6681 4039       4       java.lang.invoke.MethodType::makeImpl (155 bytes)

Stack: [0x0000001870900000,0x0000001870a00000]
Native frames: (J=compiled Java code, j=interpreted, Vv=VM code, C=native code)
V  [jvm.dll+0x730829]  (no source info available)
V  [jvm.dll+0x8d9da3]  (no source info available)
V  [jvm.dll+0x8dc28d]  (no source info available)
V  [jvm.dll+0x8dc903]  (no source info available)
V  [jvm.dll+0x2a9f56]  (no source info available)
V  [jvm.dll+0xced7f]  (no source info available)
V  [jvm.dll+0xcefdf]  (no source info available)
V  [jvm.dll+0x154c83]  (no source info available)
V  [jvm.dll+0x73604f]  (no source info available)
V  [jvm.dll+0x26f8dc]  (no source info available)
V  [jvm.dll+0x26e8ff]  (no source info available)
V  [jvm.dll+0x1e9c90]  (no source info available)
V  [jvm.dll+0x27e0cb]  (no source info available)
V  [jvm.dll+0x27c36a]  (no source info available)
V  [jvm.dll+0x42f396]  (no source info available)
V  [jvm.dll+0x87d9eb]  (no source info available)
V  [jvm.dll+0x72ef45]  (no source info available)
C  [ucrtbase.dll+0x37b0]  (no source info available)
C  [KERNEL32.DLL+0x2e8d7]  (no source info available)
C  [ntdll.dll+0x8c53c]  (no source info available)

Lock stack of current Java thread (top to bottom):


---------------  P R O C E S S  ---------------

Threads class SMR info:
_java_thread_list=0x0000016cff058af0, length=12, elements={
0x0000016c9d704ad0, 0x0000016cbc453530, 0x0000016cbc453c70, 0x0000016cbc456fc0,
0x0000016cbc45aec0, 0x0000016cbc45c560, 0x0000016cbc45dc00, 0x0000016cbc46aaa0,
0x0000016cbc474f70, 0x0000016cbc5b2a80, 0x0000016cbc5b5de0, 0x0000016cbc475700
}

Java Threads: ( => current thread )
  0x0000016c9d704ad0 JavaThread "main"                              [_thread_in_Java, id=4652, stack(0x000000186f700000,0x000000186f800000) (1024K)]
  0x0000016cbc453530 JavaThread "Reference Handler"          daemon [_thread_blocked, id=17332, stack(0x000000186ff00000,0x0000001870000000) (1024K)]
  0x0000016cbc453c70 JavaThread "Finalizer"                  daemon [_thread_blocked, id=29112, stack(0x0000001870000000,0x0000001870100000) (1024K)]
  0x0000016cbc456fc0 JavaThread "Signal Dispatcher"          daemon [_thread_blocked, id=31900, stack(0x0000001870100000,0x0000001870200000) (1024K)]
  0x0000016cbc45aec0 JavaThread "Attach Listener"            daemon [_thread_blocked, id=16924, stack(0x0000001870200000,0x0000001870300000) (1024K)]
  0x0000016cbc45c560 JavaThread "Service Thread"             daemon [_thread_blocked, id=16308, stack(0x0000001870300000,0x0000001870400000) (1024K)]
  0x0000016cbc45dc00 JavaThread "Monitor Deflation Thread"   daemon [_thread_blocked, id=1820, stack(0x0000001870400000,0x0000001870500000) (1024K)]
  0x0000016cbc46aaa0 JavaThread "C2 CompilerThread0"         daemon [_thread_in_native, id=25916, stack(0x0000001870500000,0x0000001870600000) (1024K)]
  0x0000016cbc474f70 JavaThread "C1 CompilerThread0"         daemon [_thread_blocked, id=20540, stack(0x0000001870600000,0x0000001870700000) (1024K)]
  0x0000016cbc5b2a80 JavaThread "Notification Thread"        daemon [_thread_blocked, id=416, stack(0x0000001870700000,0x0000001870800000) (1024K)]
  0x0000016cbc5b5de0 JavaThread "Common-Cleaner"             daemon [_thread_blocked, id=27920, stack(0x0000001870800000,0x0000001870900000) (1024K)]
=>0x0000016cbc475700 JavaThread "C2 CompilerThread1"         daemon [_thread_in_native, id=5616, stack(0x0000001870900000,0x0000001870a00000) (1024K)]
Total: 12

Other Threads:
  0x0000016cbc443410 VMThread "VM Thread"                           [id=23984, stack(0x000000186fe00000,0x000000186ff00000) (1024K)]
  0x0000016cbc310990 WatcherThread "VM Periodic Task Thread"        [id=14800, stack(0x000000186fd00000,0x000000186fe00000) (1024K)]
  0x0000016c9fbfd4d0 WorkerThread "GC Thread#0"                     [id=13504, stack(0x000000186f800000,0x000000186f900000) (1024K)]
  0x0000016cfeb337c0 WorkerThread "GC Thread#1"                     [id=12040, stack(0x0000001870a00000,0x0000001870b00000) (1024K)]
  0x0000016cfea66e40 WorkerThread "GC Thread#2"                     [id=10452, stack(0x0000001870b00000,0x0000001870c00000) (1024K)]
  0x0000016cfea6a6b0 WorkerThread "GC Thread#3"                     [id=12556, stack(0x0000001870c00000,0x0000001870d00000) (1024K)]
  0x0000016cfea6aa60 WorkerThread "GC Thread#4"                     [id=15516, stack(0x0000001870d00000,0x0000001870e00000) (1024K)]
  0x0000016cff39c240 WorkerThread "GC Thread#5"                     [id=22448, stack(0x0000001870e00000,0x0000001870f00000) (1024K)]
  0x0000016cff39c5f0 WorkerThread "GC Thread#6"                     [id=28992, stack(0x0000001870f00000,0x0000001871000000) (1024K)]
  0x0000016cff39c9a0 WorkerThread "GC Thread#7"                     [id=13680, stack(0x0000001871000000,0x0000001871100000) (1024K)]
  0x0000016c9fc0fb40 ConcurrentGCThread "G1 Main Marker"            [id=9552, stack(0x000000186f900000,0x000000186fa00000) (1024K)]
  0x0000016c9fc12350 WorkerThread "G1 Conc#0"                       [id=20628, stack(0x000000186fa00000,0x000000186fb00000) (1024K)]
  0x0000016cbc304170 ConcurrentGCThread "G1 Refine#0"               [id=22364, stack(0x000000186fb00000,0x000000186fc00000) (1024K)]
  0x0000016cbc3049a0 ConcurrentGCThread "G1 Service"                [id=27032, stack(0x000000186fc00000,0x000000186fd00000) (1024K)]
Total: 14

Threads with active compile tasks:
C2 CompilerThread0  6815 4466       4       jdk.internal.util.ArraysSupport::vectorizedHashCode (158 bytes)
C2 CompilerThread1  6815 4039       4       java.lang.invoke.MethodType::makeImpl (155 bytes)
Total: 2

VM state: not at safepoint (normal execution)

VM Mutex/Monitor currently owned by a thread: None

Heap address: 0x0000000091000000, size: 1776 MB, Compressed Oops mode: 32-bit

CDS archive(s) mapped at: [0x0000016cbd000000-0x0000016cbdd40000-0x0000016cbdd40000), size 13893632, SharedBaseAddress: 0x0000016cbd000000, ArchiveRelocationMode: 1.
Compressed class space mapped at: 0x0000016cbe000000-0x0000016cfe000000, reserved size: 1073741824
UseCompressedClassPointers 1, UseCompactObjectHeaders 0
Narrow klass pointer bits 32, Max shift 3
Narrow klass base: 0x0000016cbd000000, Narrow klass shift: 0
Encoding Range: [0x0000016cbd000000 - 0x0000016dbd000000), (4294967296 bytes)
Klass Range:    [0x0000016cbd000000 - 0x0000016cfe000000), (1090519040 bytes)
Klass ID Range:  [8 - 1090519033) (1090519025)

GC Precious Log:
 CardTable entry size: 512
 Card Set container configuration: InlinePtr #cards 5 size 8 Array Of Cards #cards 10 size 36 Howl #buckets 4 coarsen threshold 1843 Howl Bitmap #cards 512 size 80 coarsen threshold 460 Card regions per heap region 1 cards per card region 2048
 CPUs: 8 total, 8 available
 Memory: 7103M
 Large Page Support: Disabled
 NUMA Support: Disabled
 Compressed Oops: Enabled (32-bit)
 Heap Region Size: 1M
 Heap Min Capacity: 8M
 Heap Initial Capacity: 112M
 Heap Max Capacity: 1776M
 Pre-touch: Disabled
 Parallel Workers: 8
 Concurrent Workers: 2
 Concurrent Refinement Workers: 8
 Periodic GC: Disabled

Heap:
 garbage-first heap   total reserved 1818624K, committed 116736K, used 42627K [0x0000000091000000, 0x0000000100000000)
  region size 1024K, 36 young (36864K), 5 survivors (5120K)
 Metaspace       used 19415K, committed 19712K, reserved 1114112K
  class space    used 1923K, committed 2048K, reserved 1048576K

Heap Regions: E=young(eden), S=young(survivor), O=old, HS=humongous(starts), HC=humongous(continues), CS=collection set, F=free, TAMS=top-at-mark-start, PB=parsable bottom
|   0|0x0000000091000000, 0x0000000091100000, 0x0000000091100000|100%| O|  |TAMS 0x0000000091000000| PB 0x0000000091000000| Untracked |  0
|   1|0x0000000091100000, 0x0000000091200000, 0x0000000091200000|100%| O|  |TAMS 0x0000000091100000| PB 0x0000000091100000| Untracked |  0
|   2|0x0000000091200000, 0x0000000091300000, 0x0000000091300000|100%| O|  |TAMS 0x0000000091200000| PB 0x0000000091200000| Untracked |  0
|   3|0x0000000091300000, 0x0000000091400000, 0x0000000091400000|100%| O|  |TAMS 0x0000000091300000| PB 0x0000000091300000| Untracked |  0
|   4|0x0000000091400000, 0x0000000091420400, 0x0000000091500000| 12%| O|  |TAMS 0x0000000091400000| PB 0x0000000091400000| Untracked |  0
|   5|0x0000000091500000, 0x0000000091600000, 0x0000000091600000|100%|HS|  |TAMS 0x0000000091500000| PB 0x0000000091500000| Complete |  0
|   6|0x0000000091600000, 0x0000000091700000, 0x0000000091700000|100%|HC|  |TAMS 0x0000000091600000| PB 0x0000000091600000| Complete |  0
|   7|0x0000000091700000, 0x0000000091700000, 0x0000000091800000|  0%| F|  |TAMS 0x0000000091700000| PB 0x0000000091700000| Untracked |  0
|   8|0x0000000091800000, 0x0000000091800000, 0x0000000091900000|  0%| F|  |TAMS 0x0000000091800000| PB 0x0000000091800000| Untracked |  0
|   9|0x0000000091900000, 0x0000000091900000, 0x0000000091a00000|  0%| F|  |TAMS 0x0000000091900000| PB 0x0000000091900000| Untracked |  0
|  10|0x0000000091a00000, 0x0000000091a00000, 0x0000000091b00000|  0%| F|  |TAMS 0x0000000091a00000| PB 0x0000000091a00000| Untracked |  0
|  11|0x0000000091b00000, 0x0000000091b00000, 0x0000000091c00000|  0%| F|  |TAMS 0x0000000091b00000| PB 0x0000000091b00000| Untracked |  0
|  12|0x0000000091c00000, 0x0000000091c00000, 0x0000000091d00000|  0%| F|  |TAMS 0x0000000091c00000| PB 0x0000000091c00000| Untracked |  0
|  13|0x0000000091d00000, 0x0000000091d00000, 0x0000000091e00000|  0%| F|  |TAMS 0x0000000091d00000| PB 0x0000000091d00000| Untracked |  0
|  14|0x0000000091e00000, 0x0000000091e00000, 0x0000000091f00000|  0%| F|  |TAMS 0x0000000091e00000| PB 0x0000000091e00000| Untracked |  0
|  15|0x0000000091f00000, 0x0000000091f00000, 0x0000000092000000|  0%| F|  |TAMS 0x0000000091f00000| PB 0x0000000091f00000| Untracked |  0
|  16|0x0000000092000000, 0x0000000092000000, 0x0000000092100000|  0%| F|  |TAMS 0x0000000092000000| PB 0x0000000092000000| Untracked |  0
|  17|0x0000000092100000, 0x0000000092100000, 0x0000000092200000|  0%| F|  |TAMS 0x0000000092100000| PB 0x0000000092100000| Untracked |  0
|  18|0x0000000092200000, 0x0000000092200000, 0x0000000092300000|  0%| F|  |TAMS 0x0000000092200000| PB 0x0000000092200000| Untracked |  0
|  19|0x0000000092300000, 0x0000000092300000, 0x0000000092400000|  0%| F|  |TAMS 0x0000000092300000| PB 0x0000000092300000| Untracked |  0
|  20|0x0000000092400000, 0x0000000092400000, 0x0000000092500000|  0%| F|  |TAMS 0x0000000092400000| PB 0x0000000092400000| Untracked |  0
|  21|0x0000000092500000, 0x0000000092500000, 0x0000000092600000|  0%| F|  |TAMS 0x0000000092500000| PB 0x0000000092500000| Untracked |  0
|  22|0x0000000092600000, 0x0000000092600000, 0x0000000092700000|  0%| F|  |TAMS 0x0000000092600000| PB 0x0000000092600000| Untracked |  0
|  23|0x0000000092700000, 0x0000000092700000, 0x0000000092800000|  0%| F|  |TAMS 0x0000000092700000| PB 0x0000000092700000| Untracked |  0
|  24|0x0000000092800000, 0x0000000092800000, 0x0000000092900000|  0%| F|  |TAMS 0x0000000092800000| PB 0x0000000092800000| Untracked |  0
|  25|0x0000000092900000, 0x0000000092900000, 0x0000000092a00000|  0%| F|  |TAMS 0x0000000092900000| PB 0x0000000092900000| Untracked |  0
|  26|0x0000000092a00000, 0x0000000092a00000, 0x0000000092b00000|  0%| F|  |TAMS 0x0000000092a00000| PB 0x0000000092a00000| Untracked |  0
|  27|0x0000000092b00000, 0x0000000092b00000, 0x0000000092c00000|  0%| F|  |TAMS 0x0000000092b00000| PB 0x0000000092b00000| Untracked |  0
|  28|0x0000000092c00000, 0x0000000092c00000, 0x0000000092d00000|  0%| F|  |TAMS 0x0000000092c00000| PB 0x0000000092c00000| Untracked |  0
|  29|0x0000000092d00000, 0x0000000092d00000, 0x0000000092e00000|  0%| F|  |TAMS 0x0000000092d00000| PB 0x0000000092d00000| Untracked |  0
|  30|0x0000000092e00000, 0x0000000092e00000, 0x0000000092f00000|  0%| F|  |TAMS 0x0000000092e00000| PB 0x0000000092e00000| Untracked |  0
|  31|0x0000000092f00000, 0x0000000092f00000, 0x0000000093000000|  0%| F|  |TAMS 0x0000000092f00000| PB 0x0000000092f00000| Untracked |  0
|  32|0x0000000093000000, 0x0000000093000000, 0x0000000093100000|  0%| F|  |TAMS 0x0000000093000000| PB 0x0000000093000000| Untracked |  0
|  33|0x0000000093100000, 0x0000000093100000, 0x0000000093200000|  0%| F|  |TAMS 0x0000000093100000| PB 0x0000000093100000| Untracked |  0
|  34|0x0000000093200000, 0x0000000093200000, 0x0000000093300000|  0%| F|  |TAMS 0x0000000093200000| PB 0x0000000093200000| Untracked |  0
|  35|0x0000000093300000, 0x0000000093300000, 0x0000000093400000|  0%| F|  |TAMS 0x0000000093300000| PB 0x0000000093300000| Untracked |  0
|  36|0x0000000093400000, 0x0000000093400000, 0x0000000093500000|  0%| F|  |TAMS 0x0000000093400000| PB 0x0000000093400000| Untracked |  0
|  37|0x0000000093500000, 0x0000000093500000, 0x0000000093600000|  0%| F|  |TAMS 0x0000000093500000| PB 0x0000000093500000| Untracked |  0
|  38|0x0000000093600000, 0x0000000093600000, 0x0000000093700000|  0%| F|  |TAMS 0x0000000093600000| PB 0x0000000093600000| Untracked |  0
|  39|0x0000000093700000, 0x0000000093700000, 0x0000000093800000|  0%| F|  |TAMS 0x0000000093700000| PB 0x0000000093700000| Untracked |  0
|  40|0x0000000093800000, 0x0000000093800000, 0x0000000093900000|  0%| F|  |TAMS 0x0000000093800000| PB 0x0000000093800000| Untracked |  0
|  41|0x0000000093900000, 0x0000000093900000, 0x0000000093a00000|  0%| F|  |TAMS 0x0000000093900000| PB 0x0000000093900000| Untracked |  0
|  42|0x0000000093a00000, 0x0000000093a00000, 0x0000000093b00000|  0%| F|  |TAMS 0x0000000093a00000| PB 0x0000000093a00000| Untracked |  0
|  43|0x0000000093b00000, 0x0000000093b00000, 0x0000000093c00000|  0%| F|  |TAMS 0x0000000093b00000| PB 0x0000000093b00000| Untracked |  0
|  44|0x0000000093c00000, 0x0000000093c00000, 0x0000000093d00000|  0%| F|  |TAMS 0x0000000093c00000| PB 0x0000000093c00000| Untracked |  0
|  45|0x0000000093d00000, 0x0000000093d00000, 0x0000000093e00000|  0%| F|  |TAMS 0x0000000093d00000| PB 0x0000000093d00000| Untracked |  0
|  46|0x0000000093e00000, 0x0000000093e00000, 0x0000000093f00000|  0%| F|  |TAMS 0x0000000093e00000| PB 0x0000000093e00000| Untracked |  0
|  47|0x0000000093f00000, 0x0000000093f00000, 0x0000000094000000|  0%| F|  |TAMS 0x0000000093f00000| PB 0x0000000093f00000| Untracked |  0
|  48|0x0000000094000000, 0x0000000094000000, 0x0000000094100000|  0%| F|  |TAMS 0x0000000094000000| PB 0x0000000094000000| Untracked |  0
|  49|0x0000000094100000, 0x0000000094100000, 0x0000000094200000|  0%| F|  |TAMS 0x0000000094100000| PB 0x0000000094100000| Untracked |  0
|  50|0x0000000094200000, 0x0000000094200000, 0x0000000094300000|  0%| F|  |TAMS 0x0000000094200000| PB 0x0000000094200000| Untracked |  0
|  51|0x0000000094300000, 0x0000000094300000, 0x0000000094400000|  0%| F|  |TAMS 0x0000000094300000| PB 0x0000000094300000| Untracked |  0
|  52|0x0000000094400000, 0x0000000094400000, 0x0000000094500000|  0%| F|  |TAMS 0x0000000094400000| PB 0x0000000094400000| Untracked |  0
|  53|0x0000000094500000, 0x0000000094500000, 0x0000000094600000|  0%| F|  |TAMS 0x0000000094500000| PB 0x0000000094500000| Untracked |  0
|  54|0x0000000094600000, 0x00000000946635e0, 0x0000000094700000| 38%| S|CS|TAMS 0x0000000094600000| PB 0x0000000094600000| Complete |  0
|  55|0x0000000094700000, 0x0000000094800000, 0x0000000094800000|100%| S|CS|TAMS 0x0000000094700000| PB 0x0000000094700000| Complete |  0
|  56|0x0000000094800000, 0x0000000094900000, 0x0000000094900000|100%| S|CS|TAMS 0x0000000094800000| PB 0x0000000094800000| Complete |  0
|  57|0x0000000094900000, 0x0000000094a00000, 0x0000000094a00000|100%| S|CS|TAMS 0x0000000094900000| PB 0x0000000094900000| Complete |  0
|  58|0x0000000094a00000, 0x0000000094b00000, 0x0000000094b00000|100%| S|CS|TAMS 0x0000000094a00000| PB 0x0000000094a00000| Complete |  0
|  59|0x0000000094b00000, 0x0000000094b00000, 0x0000000094c00000|  0%| F|  |TAMS 0x0000000094b00000| PB 0x0000000094b00000| Untracked |  0
|  60|0x0000000094c00000, 0x0000000094c00000, 0x0000000094d00000|  0%| F|  |TAMS 0x0000000094c00000| PB 0x0000000094c00000| Untracked |  0
|  61|0x0000000094d00000, 0x0000000094d00000, 0x0000000094e00000|  0%| F|  |TAMS 0x0000000094d00000| PB 0x0000000094d00000| Untracked |  0
|  62|0x0000000094e00000, 0x0000000094e00000, 0x0000000094f00000|  0%| F|  |TAMS 0x0000000094e00000| PB 0x0000000094e00000| Untracked |  0
|  63|0x0000000094f00000, 0x0000000094f00000, 0x0000000095000000|  0%| F|  |TAMS 0x0000000094f00000| PB 0x0000000094f00000| Untracked |  0
|  64|0x0000000095000000, 0x0000000095000000, 0x0000000095100000|  0%| F|  |TAMS 0x0000000095000000| PB 0x0000000095000000| Untracked |  0
|  65|0x0000000095100000, 0x0000000095100000, 0x0000000095200000|  0%| F|  |TAMS 0x0000000095100000| PB 0x0000000095100000| Untracked |  0
|  66|0x0000000095200000, 0x0000000095200000, 0x0000000095300000|  0%| F|  |TAMS 0x0000000095200000| PB 0x0000000095200000| Untracked |  0
|  67|0x0000000095300000, 0x0000000095300000, 0x0000000095400000|  0%| F|  |TAMS 0x0000000095300000| PB 0x0000000095300000| Untracked |  0
|  68|0x0000000095400000, 0x0000000095400000, 0x0000000095500000|  0%| F|  |TAMS 0x0000000095400000| PB 0x0000000095400000| Untracked |  0
|  69|0x0000000095500000, 0x0000000095500000, 0x0000000095600000|  0%| F|  |TAMS 0x0000000095500000| PB 0x0000000095500000| Untracked |  0
|  70|0x0000000095600000, 0x0000000095600000, 0x0000000095700000|  0%| F|  |TAMS 0x0000000095600000| PB 0x0000000095600000| Untracked |  0
|  71|0x0000000095700000, 0x0000000095700000, 0x0000000095800000|  0%| F|  |TAMS 0x0000000095700000| PB 0x0000000095700000| Untracked |  0
|  72|0x0000000095800000, 0x0000000095800000, 0x0000000095900000|  0%| F|  |TAMS 0x0000000095800000| PB 0x0000000095800000| Untracked |  0
|  73|0x0000000095900000, 0x0000000095900000, 0x0000000095a00000|  0%| F|  |TAMS 0x0000000095900000| PB 0x0000000095900000| Untracked |  0
|  74|0x0000000095a00000, 0x0000000095a00000, 0x0000000095b00000|  0%| F|  |TAMS 0x0000000095a00000| PB 0x0000000095a00000| Untracked |  0
|  75|0x0000000095b00000, 0x0000000095b00000, 0x0000000095c00000|  0%| F|  |TAMS 0x0000000095b00000| PB 0x0000000095b00000| Untracked |  0
|  76|0x0000000095c00000, 0x0000000095c00000, 0x0000000095d00000|  0%| F|  |TAMS 0x0000000095c00000| PB 0x0000000095c00000| Untracked |  0
|  77|0x0000000095d00000, 0x0000000095d00000, 0x0000000095e00000|  0%| F|  |TAMS 0x0000000095d00000| PB 0x0000000095d00000| Untracked |  0
|  78|0x0000000095e00000, 0x0000000095e00000, 0x0000000095f00000|  0%| F|  |TAMS 0x0000000095e00000| PB 0x0000000095e00000| Untracked |  0
|  79|0x0000000095f00000, 0x0000000095f00000, 0x0000000096000000|  0%| F|  |TAMS 0x0000000095f00000| PB 0x0000000095f00000| Untracked |  0
|  80|0x0000000096000000, 0x0000000096000000, 0x0000000096100000|  0%| F|  |TAMS 0x0000000096000000| PB 0x0000000096000000| Untracked |  0
|  81|0x0000000096100000, 0x0000000096200000, 0x0000000096200000|100%| E|  |TAMS 0x0000000096100000| PB 0x0000000096100000| Complete |  0
|  82|0x0000000096200000, 0x0000000096300000, 0x0000000096300000|100%| E|CS|TAMS 0x0000000096200000| PB 0x0000000096200000| Complete |  0
|  83|0x0000000096300000, 0x0000000096400000, 0x0000000096400000|100%| E|CS|TAMS 0x0000000096300000| PB 0x0000000096300000| Complete |  0
|  84|0x0000000096400000, 0x0000000096500000, 0x0000000096500000|100%| E|CS|TAMS 0x0000000096400000| PB 0x0000000096400000| Complete |  0
|  85|0x0000000096500000, 0x0000000096600000, 0x0000000096600000|100%| E|CS|TAMS 0x0000000096500000| PB 0x0000000096500000| Complete |  0
|  86|0x0000000096600000, 0x0000000096700000, 0x0000000096700000|100%| E|CS|TAMS 0x0000000096600000| PB 0x0000000096600000| Complete |  0
|  87|0x0000000096700000, 0x0000000096800000, 0x0000000096800000|100%| E|CS|TAMS 0x0000000096700000| PB 0x0000000096700000| Complete |  0
|  88|0x0000000096800000, 0x0000000096900000, 0x0000000096900000|100%| E|CS|TAMS 0x0000000096800000| PB 0x0000000096800000| Complete |  0
|  89|0x0000000096900000, 0x0000000096a00000, 0x0000000096a00000|100%| E|CS|TAMS 0x0000000096900000| PB 0x0000000096900000| Complete |  0
|  90|0x0000000096a00000, 0x0000000096b00000, 0x0000000096b00000|100%| E|CS|TAMS 0x0000000096a00000| PB 0x0000000096a00000| Complete |  0
|  91|0x0000000096b00000, 0x0000000096c00000, 0x0000000096c00000|100%| E|CS|TAMS 0x0000000096b00000| PB 0x0000000096b00000| Complete |  0
|  92|0x0000000096c00000, 0x0000000096d00000, 0x0000000096d00000|100%| E|CS|TAMS 0x0000000096c00000| PB 0x0000000096c00000| Complete |  0
|  93|0x0000000096d00000, 0x0000000096e00000, 0x0000000096e00000|100%| E|CS|TAMS 0x0000000096d00000| PB 0x0000000096d00000| Complete |  0
|  94|0x0000000096e00000, 0x0000000096f00000, 0x0000000096f00000|100%| E|CS|TAMS 0x0000000096e00000| PB 0x0000000096e00000| Complete |  0
|  95|0x0000000096f00000, 0x0000000097000000, 0x0000000097000000|100%| E|CS|TAMS 0x0000000096f00000| PB 0x0000000096f00000| Complete |  0
|  96|0x0000000097000000, 0x0000000097100000, 0x0000000097100000|100%| E|CS|TAMS 0x0000000097000000| PB 0x0000000097000000| Complete |  0
|  97|0x0000000097100000, 0x0000000097200000, 0x0000000097200000|100%| E|CS|TAMS 0x0000000097100000| PB 0x0000000097100000| Complete |  0
|  98|0x0000000097200000, 0x0000000097300000, 0x0000000097300000|100%| E|CS|TAMS 0x0000000097200000| PB 0x0000000097200000| Complete |  0
|  99|0x0000000097300000, 0x0000000097400000, 0x0000000097400000|100%| E|CS|TAMS 0x0000000097300000| PB 0x0000000097300000| Complete |  0
| 100|0x0000000097400000, 0x0000000097500000, 0x0000000097500000|100%| E|CS|TAMS 0x0000000097400000| PB 0x0000000097400000| Complete |  0
| 101|0x0000000097500000, 0x0000000097600000, 0x0000000097600000|100%| E|CS|TAMS 0x0000000097500000| PB 0x0000000097500000| Complete |  0
| 102|0x0000000097600000, 0x0000000097700000, 0x0000000097700000|100%| E|CS|TAMS 0x0000000097600000| PB 0x0000000097600000| Complete |  0
| 103|0x0000000097700000, 0x0000000097800000, 0x0000000097800000|100%| E|CS|TAMS 0x0000000097700000| PB 0x0000000097700000| Complete |  0
| 104|0x0000000097800000, 0x0000000097900000, 0x0000000097900000|100%| E|CS|TAMS 0x0000000097800000| PB 0x0000000097800000| Complete |  0
| 105|0x0000000097900000, 0x0000000097a00000, 0x0000000097a00000|100%| E|CS|TAMS 0x0000000097900000| PB 0x0000000097900000| Complete |  0
| 106|0x0000000097a00000, 0x0000000097b00000, 0x0000000097b00000|100%| E|CS|TAMS 0x0000000097a00000| PB 0x0000000097a00000| Complete |  0
| 107|0x0000000097b00000, 0x0000000097c00000, 0x0000000097c00000|100%| E|CS|TAMS 0x0000000097b00000| PB 0x0000000097b00000| Complete |  0
| 108|0x0000000097c00000, 0x0000000097d00000, 0x0000000097d00000|100%| E|CS|TAMS 0x0000000097c00000| PB 0x0000000097c00000| Complete |  0
| 109|0x0000000097d00000, 0x0000000097e00000, 0x0000000097e00000|100%| E|CS|TAMS 0x0000000097d00000| PB 0x0000000097d00000| Complete |  0
| 110|0x0000000097e00000, 0x0000000097f00000, 0x0000000097f00000|100%| E|CS|TAMS 0x0000000097e00000| PB 0x0000000097e00000| Complete |  0
| 111|0x0000000097f00000, 0x0000000098000000, 0x0000000098000000|100%| E|CS|TAMS 0x0000000097f00000| PB 0x0000000097f00000| Complete |  0
|1774|0x00000000ffe00000, 0x00000000fff00000, 0x00000000fff00000|100%| O|  |TAMS 0x00000000ffe00000| PB 0x00000000ffe00000| Untracked |  0
|1775|0x00000000fff00000, 0x00000000fff1d248, 0x0000000100000000| 11%| O|  |TAMS 0x00000000fff00000| PB 0x00000000fff00000| Untracked |  0

Card table byte_map: [0x0000016cb7b00000,0x0000016cb7e80000] _byte_map_base: 0x0000016cb7678000

Marking Bits: (CMBitMap*) 0x0000016c9fbfdbe0
 Bits: [0x0000016cb7e80000, 0x0000016cb9a40000)

Polling page: 0x0000016c9db90000

Metaspace:

Usage:
  Non-class:     17.08 MB used.
      Class:      1.88 MB used.
       Both:     18.96 MB used.

Virtual space:
  Non-class space:       64.00 MB reserved,      17.25 MB ( 27%) committed,  1 nodes.
      Class space:        1.00 GB reserved,       2.00 MB ( <1%) committed,  1 nodes.
             Both:        1.06 GB reserved,      19.25 MB (  2%) committed. 

Chunk freelists:
   Non-Class:  14.16 MB
       Class:  14.00 MB
        Both:  28.16 MB

MaxMetaspaceSize: unlimited
CompressedClassSpaceSize: 1.00 GB
Initial GC threshold: 21.00 MB
Current GC threshold: 21.00 MB
CDS: on
 - commit_granule_bytes: 65536.
 - commit_granule_words: 8192.
 - virtual_space_node_default_size: 8388608.
 - enlarge_chunks_in_place: 1.
UseCompressedClassPointers 1, UseCompactObjectHeaders 0
Narrow klass pointer bits 32, Max shift 3
Narrow klass base: 0x0000016cbd000000, Narrow klass shift: 0
Encoding Range: [0x0000016cbd000000 - 0x0000016dbd000000), (4294967296 bytes)
Klass Range:    [0x0000016cbd000000 - 0x0000016cfe000000), (1090519040 bytes)
Klass ID Range:  [8 - 1090519033) (1090519025)


Internal statistics:

num_allocs_failed_limit: 0.
num_arena_births: 210.
num_arena_deaths: 0.
num_vsnodes_births: 2.
num_vsnodes_deaths: 0.
num_space_committed: 308.
num_space_uncommitted: 0.
num_chunks_returned_to_freelist: 0.
num_chunks_taken_from_freelist: 888.
num_chunk_merges: 0.
num_chunk_splits: 602.
num_chunks_enlarged: 480.
num_inconsistent_stats: 0.

CodeHeap 'non-profiled nmethods': size=120064Kb used=1631Kb max_used=1631Kb free=118432Kb
 bounds [0x0000016caff10000, 0x0000016cb0180000, 0x0000016cb7450000]
CodeHeap 'profiled nmethods': size=120000Kb used=7538Kb max_used=7538Kb free=112461Kb
 bounds [0x0000016ca8450000, 0x0000016ca8bb0000, 0x0000016caf980000]
CodeHeap 'non-nmethods': size=5696Kb used=1371Kb max_used=1415Kb free=4325Kb
 bounds [0x0000016caf980000, 0x0000016cafbf0000, 0x0000016caff10000]
CodeCache: size=245760Kb, used=10540Kb, max_used=10584Kb, free=235218Kb
 total_blobs=4998, nmethods=4465, adapters=437, full_count=0
Compilation: enabled, stopped_count=0, restarted_count=0

Compilation events (20 events):
Event: 5.581 Thread 0x0000016cbc474f70 4383       3       java.nio.MappedByteBuffer::limit (8 bytes)
Event: 5.581 Thread 0x0000016cbc474f70 nmethod 4383 0x0000016ca8b99e88 code [0x0000016ca8b99fa0, 0x0000016ca8b9a148]
Event: 5.587 Thread 0x0000016cbc474f70 4384       1       java.nio.MappedByteBuffer::fileDescriptor (5 bytes)
Event: 5.588 Thread 0x0000016cbc474f70 nmethod 4384 0x0000016cb009f408 code [0x0000016cb009f500, 0x0000016cb009f5c8]
Event: 5.588 Thread 0x0000016cbc474f70 4385       1       java.nio.MappedByteBuffer::isSync (5 bytes)
Event: 5.588 Thread 0x0000016cbc474f70 nmethod 4385 0x0000016cb009f708 code [0x0000016cb009f800, 0x0000016cb009f8c8]
Event: 5.601 Thread 0x0000016cbc474f70 4386       1       jdk.internal.loader.BuiltinClassLoader$LoadedModule::mref (5 bytes)
Event: 5.601 Thread 0x0000016cbc474f70 nmethod 4386 0x0000016cb009fa08 code [0x0000016cb009fb00, 0x0000016cb009fbc8]
Event: 5.603 Thread 0x0000016cbc474f70 4387       1       java.nio.DirectByteBufferR::isDirect (2 bytes)
Event: 5.604 Thread 0x0000016cbc474f70 nmethod 4387 0x0000016cb00a0188 code [0x0000016cb00a0280, 0x0000016cb00a0348]
Event: 5.612 Thread 0x0000016cbc46aaa0 4389       4       jdk.internal.jimage.ImageStringsReader::stringFromByteBufferMatches (138 bytes)
Event: 5.618 Thread 0x0000016cbc474f70 4390       3       java.util.Optional::<init> (10 bytes)
Event: 5.618 Thread 0x0000016cbc474f70 nmethod 4390 0x0000016ca8b9a188 code [0x0000016ca8b9a2a0, 0x0000016ca8b9a450]
Event: 5.620 Thread 0x0000016cbc46aaa0 nmethod 4389 0x0000016cb00a0488 code [0x0000016cb00a05c0, 0x0000016cb00a09e8]
Event: 5.632 Thread 0x0000016cbc46aaa0 4391 %     4       sun.nio.fs.WindowsPathParser::normalize @ 18 (233 bytes)
Event: 5.632 Thread 0x0000016cbc474f70 4392       3       java.nio.file.FileSystems::getDefault (14 bytes)
Event: 5.633 Thread 0x0000016cbc474f70 nmethod 4392 0x0000016ca8b9a488 code [0x0000016ca8b9a5c0, 0x0000016ca8b9a848]
Event: 5.675 Thread 0x0000016cbc474f70 4394       3       sun.nio.fs.WindowsPath::<init> (26 bytes)
Event: 5.676 Thread 0x0000016cbc474f70 nmethod 4394 0x0000016ca8b9a888 code [0x0000016ca8b9a9a0, 0x0000016ca8b9ac70]
Event: 5.686 Thread 0x0000016cbc474f70 4396       1       sun.nio.fs.WindowsNativeDispatcher$FirstFile::handle (5 bytes)

GC Heap History (4 events):
Event: 2.130 GC heap before
{Heap before GC invocations=0 (full 0):
 garbage-first heap   total reserved 1818624K, committed 116736K, used 49268K [0x0000000091000000, 0x0000000100000000)
  region size 1024K, 47 young (48128K), 0 survivors (0K)
 Metaspace       used 9537K, committed 9728K, reserved 1114112K
  class space    used 865K, committed 960K, reserved 1048576K
}
Event: 2.141 GC heap after
{Heap after GC invocations=1 (full 0):
 garbage-first heap   total reserved 1818624K, committed 116736K, used 5492K [0x0000000091000000, 0x0000000100000000)
  region size 1024K, 5 young (5120K), 5 survivors (5120K)
 Metaspace       used 9537K, committed 9728K, reserved 1114112K
  class space    used 865K, committed 960K, reserved 1048576K
}
Event: 4.188 GC heap before
{Heap before GC invocations=1 (full 0):
 garbage-first heap   total reserved 1818624K, committed 116736K, used 54644K [0x0000000091000000, 0x0000000100000000)
  region size 1024K, 53 young (54272K), 5 survivors (5120K)
 Metaspace       used 15821K, committed 16128K, reserved 1114112K
  class space    used 1572K, committed 1728K, reserved 1048576K
}
Event: 4.210 GC heap after
{Heap after GC invocations=2 (full 0):
 garbage-first heap   total reserved 1818624K, committed 116736K, used 9859K [0x0000000091000000, 0x0000000100000000)
  region size 1024K, 5 young (5120K), 5 survivors (5120K)
 Metaspace       used 15821K, committed 16128K, reserved 1114112K
  class space    used 1572K, committed 1728K, reserved 1048576K
}

Dll operation events (8 events):
Event: 0.016 Loaded shared library C:\Program Files\Java\jdk-24\bin\java.dll
Event: 0.054 Loaded shared library C:\Program Files\Java\jdk-24\bin\jsvml.dll
Event: 0.083 Loaded shared library C:\Program Files\Java\jdk-24\bin\net.dll
Event: 0.088 Loaded shared library C:\Program Files\Java\jdk-24\bin\nio.dll
Event: 0.096 Loaded shared library C:\Program Files\Java\jdk-24\bin\zip.dll
Event: 0.298 Loaded shared library C:\Program Files\Java\jdk-24\bin\jimage.dll
Event: 0.298 Loaded shared library D:\Netbeans\netbeans\java\maven\lib\jansi-native\Windows\x86_64\jansi.dll
Event: 0.325 Loaded shared library C:\Program Files\Java\jdk-24\bin\verify.dll

Deoptimization events (20 events):
Event: 5.466 Thread 0x0000016c9d704ad0 Uncommon trap: trap_request=0xffffff6e fr.pc=0x0000016cb009cab4 relative=0x0000000000000d74
Event: 5.466 Thread 0x0000016c9d704ad0 Uncommon trap: reason=loop_limit_check action=maybe_recompile pc=0x0000016cb009cab4 method=org.codehaus.plexus.util.SelectorUtils.match([C[CZ)Z @ 498 c2
Event: 5.466 Thread 0x0000016c9d704ad0 DEOPT PACKING pc=0x0000016cb009cab4 sp=0x000000186f7fd950
Event: 5.466 Thread 0x0000016c9d704ad0 DEOPT UNPACKING pc=0x0000016cafa95402 sp=0x000000186f7fd8f0 mode 2
Event: 5.489 Thread 0x0000016c9d704ad0 Uncommon trap: trap_request=0xffffffbe fr.pc=0x0000016caffdd5f4 relative=0x0000000000000e54
Event: 5.489 Thread 0x0000016c9d704ad0 Uncommon trap: reason=profile_predicate action=maybe_recompile pc=0x0000016caffdd5f4 method=java.util.TimSort.binarySort([Ljava/lang/Object;IIILjava/util/Comparator;)V @ 34 c2
Event: 5.489 Thread 0x0000016c9d704ad0 DEOPT PACKING pc=0x0000016caffdd5f4 sp=0x000000186f7fdf30
Event: 5.489 Thread 0x0000016c9d704ad0 DEOPT UNPACKING pc=0x0000016cafa95402 sp=0x000000186f7fdef0 mode 2
Event: 5.489 Thread 0x0000016c9d704ad0 Uncommon trap: trap_request=0xffffffbe fr.pc=0x0000016caffdd5f4 relative=0x0000000000000e54
Event: 5.489 Thread 0x0000016c9d704ad0 Uncommon trap: reason=profile_predicate action=maybe_recompile pc=0x0000016caffdd5f4 method=java.util.TimSort.binarySort([Ljava/lang/Object;IIILjava/util/Comparator;)V @ 34 c2
Event: 5.489 Thread 0x0000016c9d704ad0 DEOPT PACKING pc=0x0000016caffdd5f4 sp=0x000000186f7fdf30
Event: 5.489 Thread 0x0000016c9d704ad0 DEOPT UNPACKING pc=0x0000016cafa95402 sp=0x000000186f7fdef0 mode 2
Event: 5.490 Thread 0x0000016c9d704ad0 Uncommon trap: trap_request=0xffffffbe fr.pc=0x0000016caffdd5f4 relative=0x0000000000000e54
Event: 5.490 Thread 0x0000016c9d704ad0 Uncommon trap: reason=profile_predicate action=maybe_recompile pc=0x0000016caffdd5f4 method=java.util.TimSort.binarySort([Ljava/lang/Object;IIILjava/util/Comparator;)V @ 34 c2
Event: 5.490 Thread 0x0000016c9d704ad0 DEOPT PACKING pc=0x0000016caffdd5f4 sp=0x000000186f7fdf30
Event: 5.490 Thread 0x0000016c9d704ad0 DEOPT UNPACKING pc=0x0000016cafa95402 sp=0x000000186f7fdef0 mode 2
Event: 5.490 Thread 0x0000016c9d704ad0 Uncommon trap: trap_request=0xffffffbe fr.pc=0x0000016caffdd5f4 relative=0x0000000000000e54
Event: 5.490 Thread 0x0000016c9d704ad0 Uncommon trap: reason=profile_predicate action=maybe_recompile pc=0x0000016caffdd5f4 method=java.util.TimSort.binarySort([Ljava/lang/Object;IIILjava/util/Comparator;)V @ 34 c2
Event: 5.490 Thread 0x0000016c9d704ad0 DEOPT PACKING pc=0x0000016caffdd5f4 sp=0x000000186f7fdf30
Event: 5.490 Thread 0x0000016c9d704ad0 DEOPT UNPACKING pc=0x0000016cafa95402 sp=0x000000186f7fdef0 mode 2

Classes loaded (20 events):
Event: 5.533 Loading class java/nio/charset/IllegalCharsetNameException
Event: 5.533 Loading class java/nio/charset/IllegalCharsetNameException done
Event: 5.535 Loading class java/nio/file/ProviderNotFoundException
Event: 5.536 Loading class java/nio/file/ProviderNotFoundException done
Event: 5.562 Loading class java/util/JumboEnumSet
Event: 5.562 Loading class java/util/JumboEnumSet done
Event: 5.578 Loading class java/nio/file/FileSystemNotFoundException
Event: 5.578 Loading class java/nio/file/FileSystemNotFoundException done
Event: 5.579 Loading class java/util/JumboEnumSet$EnumSetIterator
Event: 5.579 Loading class java/util/JumboEnumSet$EnumSetIterator done
Event: 5.587 Loading class java/util/MissingResourceException
Event: 5.587 Loading class java/util/MissingResourceException done
Event: 5.593 Loading class java/util/ResourceBundle$CacheKey
Event: 5.593 Loading class java/util/ResourceBundle$CacheKey done
Event: 5.593 Loading class java/util/ResourceBundle$KeyElementReference
Event: 5.594 Loading class java/util/ResourceBundle$CacheKeyReference
Event: 5.594 Loading class java/util/ResourceBundle$CacheKeyReference done
Event: 5.594 Loading class java/util/ResourceBundle$KeyElementReference done
Event: 5.600 Loading class java/util/ResourceBundle$BundleReference
Event: 5.600 Loading class java/util/ResourceBundle$BundleReference done

Classes unloaded (0 events):
No events

Classes redefined (0 events):
No events

Internal exceptions (20 events):
Event: 3.405 Thread 0x0000016c9d704ad0 Exception <a 'java/lang/NoSuchMethodError'{0x000000009660d3a0}: 'void java.lang.invoke.DirectMethodHandle$Holder.invokeVirtual(java.lang.Object, java.lang.Object, int)'> (0x000000009660d3a0) 
thrown [s\open\src\hotspot\share\interpreter\linkResolver.cpp, line 805]
Event: 3.406 Thread 0x0000016c9d704ad0 Exception <a 'java/lang/NoSuchMethodError'{0x0000000096615b58}: 'void java.lang.invoke.DirectMethodHandle$Holder.invokeSpecial(java.lang.Object, java.lang.Object, java.lang.Object, int)'> (0x0000000096615b58) 
thrown [s\open\src\hotspot\share\interpreter\linkResolver.cpp, line 805]
Event: 3.407 Thread 0x0000016c9d704ad0 Exception <a 'java/lang/NoSuchMethodError'{0x000000009661deb8}: 'void java.lang.invoke.DelegatingMethodHandle$Holder.reinvoke_L(java.lang.Object, java.lang.Object, int)'> (0x000000009661deb8) 
thrown [s\open\src\hotspot\share\interpreter\linkResolver.cpp, line 805]
Event: 4.079 Thread 0x0000016c9d704ad0 Implicit null exception at 0x0000016cb0005b0a to 0x0000016cb0005d10
Event: 4.079 Thread 0x0000016c9d704ad0 Implicit null exception at 0x0000016cafff0c0a to 0x0000016cafff0e18
Event: 4.079 Thread 0x0000016c9d704ad0 Implicit null exception at 0x0000016caff5a89d to 0x0000016caff5a919
Event: 4.113 Thread 0x0000016c9d704ad0 Exception <a 'java/lang/NoSuchMethodError'{0x00000000953d8f58}: 'java.lang.Object java.lang.invoke.DirectMethodHandle$Holder.newInvokeSpecial(java.lang.Object, java.lang.Object, java.lang.Object, java.lang.Object, java.lang.Object, java.lang.Object, java.lang.Object)'> (0x00000000953d8f58) 
thrown [s\open\src\hotspot\share\interpreter\linkResolver.cpp, line 805]
Event: 4.253 Thread 0x0000016c9d704ad0 Exception <a 'java/lang/NoSuchMethodError'{0x0000000097e2f978}: 'int java.lang.invoke.DirectMethodHandle$Holder.invokeVirtual(java.lang.Object, java.lang.Object)'> (0x0000000097e2f978) 
thrown [s\open\src\hotspot\share\interpreter\linkResolver.cpp, line 805]
Event: 4.271 Thread 0x0000016c9d704ad0 Implicit null exception at 0x0000016cb001c6d9 to 0x0000016cb001cd0c
Event: 4.291 Thread 0x0000016c9d704ad0 Exception <a 'java/lang/NoSuchMethodError'{0x0000000097d9f200}: 'void java.lang.invoke.Invokers$Holder.invokeExact_MT(java.lang.Object, java.lang.Object, int, java.lang.Object)'> (0x0000000097d9f200) 
thrown [s\open\src\hotspot\share\interpreter\linkResolver.cpp, line 805]
Event: 4.297 Thread 0x0000016c9d704ad0 Exception <a 'java/lang/NoSuchMethodError'{0x0000000097dd5fe0}: 'void java.lang.invoke.DirectMethodHandle$Holder.invokeInterface(java.lang.Object, java.lang.Object, java.lang.Object)'> (0x0000000097dd5fe0) 
thrown [s\open\src\hotspot\share\interpreter\linkResolver.cpp, line 805]
Event: 5.388 Thread 0x0000016c9d704ad0 Exception <a 'java/io/IOException'{0x00000000967c1b78}> (0x00000000967c1b78) 
thrown [s\open\src\hotspot\share\prims\jni.cpp, line 518]
Event: 5.389 Thread 0x0000016c9d704ad0 Exception <a 'java/io/IOException'{0x00000000967c22b0}> (0x00000000967c22b0) 
thrown [s\open\src\hotspot\share\prims\jni.cpp, line 518]
Event: 5.441 Thread 0x0000016c9d704ad0 Exception <a 'sun/nio/fs/WindowsException'{0x000000009665d6b8}> (0x000000009665d6b8) 
thrown [s\open\src\hotspot\share\prims\jni.cpp, line 518]
Event: 5.441 Thread 0x0000016c9d704ad0 Exception <a 'sun/nio/fs/WindowsException'{0x000000009665dd58}> (0x000000009665dd58) 
thrown [s\open\src\hotspot\share\prims\jni.cpp, line 518]
Event: 5.478 Thread 0x0000016c9d704ad0 Exception <a 'java/io/IOException'{0x00000000966d73c0}> (0x00000000966d73c0) 
thrown [s\open\src\hotspot\share\prims\jni.cpp, line 518]
Event: 5.480 Thread 0x0000016c9d704ad0 Exception <a 'java/io/IOException'{0x00000000966d7b28}> (0x00000000966d7b28) 
thrown [s\open\src\hotspot\share\prims\jni.cpp, line 518]
Event: 5.483 Thread 0x0000016c9d704ad0 Exception <a 'java/io/IOException'{0x00000000966d8280}> (0x00000000966d8280) 
thrown [s\open\src\hotspot\share\prims\jni.cpp, line 518]
Event: 5.487 Thread 0x0000016c9d704ad0 Exception <a 'sun/nio/fs/WindowsException'{0x00000000966d8fa0}> (0x00000000966d8fa0) 
thrown [s\open\src\hotspot\share\prims\jni.cpp, line 518]
Event: 5.506 Thread 0x0000016c9d704ad0 Exception <a 'java/lang/IncompatibleClassChangeError'{0x0000000096522340}: Found class java.lang.Object, but interface was expected> (0x0000000096522340) 
thrown [s\open\src\hotspot\share\interpreter\linkResolver.cpp, line 872]

VM Operations (20 events):
Event: 2.477 Executing VM operation: HandshakeAllThreads (Deoptimize)
Event: 2.477 Executing VM operation: HandshakeAllThreads (Deoptimize) done
Event: 2.549 Executing VM operation: HandshakeAllThreads (Deoptimize)
Event: 2.549 Executing VM operation: HandshakeAllThreads (Deoptimize) done
Event: 2.822 Executing VM operation: HandshakeAllThreads (Deoptimize)
Event: 2.822 Executing VM operation: HandshakeAllThreads (Deoptimize) done
Event: 3.006 Executing VM operation: HandshakeAllThreads (Deoptimize)
Event: 3.006 Executing VM operation: HandshakeAllThreads (Deoptimize) done
Event: 3.101 Executing VM operation: HandshakeAllThreads (Deoptimize)
Event: 3.101 Executing VM operation: HandshakeAllThreads (Deoptimize) done
Event: 3.153 Executing VM operation: HandshakeAllThreads (Deoptimize)
Event: 3.153 Executing VM operation: HandshakeAllThreads (Deoptimize) done
Event: 3.236 Executing VM operation: HandshakeAllThreads (Deoptimize)
Event: 3.236 Executing VM operation: HandshakeAllThreads (Deoptimize) done
Event: 4.188 Executing VM operation: G1CollectForAllocation (G1 Evacuation Pause)
Event: 4.210 Executing VM operation: G1CollectForAllocation (G1 Evacuation Pause) done
Event: 4.290 Executing VM operation: HandshakeAllThreads (Deoptimize)
Event: 4.290 Executing VM operation: HandshakeAllThreads (Deoptimize) done
Event: 5.563 Executing VM operation: HandshakeAllThreads (Deoptimize)
Event: 5.563 Executing VM operation: HandshakeAllThreads (Deoptimize) done

Memory protections (0 events):
No events

Nmethod flushes (0 events):
No events

Events (16 events):
Event: 0.035 Thread 0x0000016c9d704ad0 Thread added: 0x0000016c9d704ad0
Event: 0.051 Thread 0x0000016c9d704ad0 Thread added: 0x0000016cbc453530
Event: 0.051 Thread 0x0000016c9d704ad0 Thread added: 0x0000016cbc453c70
Event: 0.051 Thread 0x0000016c9d704ad0 Thread added: 0x0000016cbc456fc0
Event: 0.051 Thread 0x0000016c9d704ad0 Thread added: 0x0000016cbc45aec0
Event: 0.051 Thread 0x0000016c9d704ad0 Thread added: 0x0000016cbc45c560
Event: 0.051 Thread 0x0000016c9d704ad0 Thread added: 0x0000016cbc45dc00
Event: 0.051 Thread 0x0000016c9d704ad0 Thread added: 0x0000016cbc46aaa0
Event: 0.052 Thread 0x0000016c9d704ad0 Thread added: 0x0000016cbc474f70
Event: 0.071 Thread 0x0000016c9d704ad0 Thread added: 0x0000016cbc5b2a80
Event: 0.076 Thread 0x0000016c9d704ad0 Thread added: 0x0000016cbc5b5de0
Event: 0.171 Thread 0x0000016cbc474f70 Thread added: 0x0000016cbc475700
Event: 0.293 Thread 0x0000016c9d704ad0 Thread added: 0x0000016cfe4d19f0
Event: 0.321 Thread 0x0000016cfe4d19f0 Thread exited: 0x0000016cfe4d19f0
Event: 4.427 Thread 0x0000016cbc475700 Thread exited: 0x0000016cbc475700
Event: 4.705 Thread 0x0000016cbc474f70 Thread added: 0x0000016cbc475700


Dynamic libraries:
0x00007ff7a1d10000 - 0x00007ff7a1d20000 	C:\Program Files\Java\jdk-24\bin\java.exe
0x00007ffc79be0000 - 0x00007ffc79e48000 	C:\WINDOWS\SYSTEM32\ntdll.dll
0x00007ffc78640000 - 0x00007ffc78709000 	C:\WINDOWS\System32\KERNEL32.DLL
0x00007ffc772d0000 - 0x00007ffc776c8000 	C:\WINDOWS\System32\KERNELBASE.dll
0x00007ffc76d30000 - 0x00007ffc76e7b000 	C:\WINDOWS\System32\ucrtbase.dll
0x00007ffc55600000 - 0x00007ffc55616000 	C:\Program Files\Java\jdk-24\bin\jli.dll
0x00007ffc6e250000 - 0x00007ffc6e26b000 	C:\Program Files\Java\jdk-24\bin\VCRUNTIME140.dll
0x00007ffc79100000 - 0x00007ffc792c7000 	C:\WINDOWS\System32\USER32.dll
0x00007ffc61580000 - 0x00007ffc61814000 	C:\WINDOWS\WinSxS\amd64_microsoft.windows.common-controls_6595b64144ccf1df_6.0.26100.7019_none_3e06ffa0e335b8a8\COMCTL32.dll
0x00007ffc76ff0000 - 0x00007ffc77017000 	C:\WINDOWS\System32\win32u.dll
0x00007ffc78710000 - 0x00007ffc787b9000 	C:\WINDOWS\System32\msvcrt.dll
0x00007ffc798f0000 - 0x00007ffc7991b000 	C:\WINDOWS\System32\GDI32.dll
0x00007ffc776d0000 - 0x00007ffc777fc000 	C:\WINDOWS\System32\gdi32full.dll
0x00007ffc76e80000 - 0x00007ffc76f23000 	C:\WINDOWS\System32\msvcp_win.dll
0x00007ffc77980000 - 0x00007ffc779b1000 	C:\WINDOWS\System32\IMM32.DLL
0x00007ffc6e370000 - 0x00007ffc6e37c000 	C:\Program Files\Java\jdk-24\bin\vcruntime140_1.dll
0x00007ffc1c750000 - 0x00007ffc1c7de000 	C:\Program Files\Java\jdk-24\bin\msvcp140.dll
0x00007ffb8b440000 - 0x00007ffb8c1e1000 	C:\Program Files\Java\jdk-24\bin\server\jvm.dll
0x00007ffc79920000 - 0x00007ffc799d4000 	C:\WINDOWS\System32\ADVAPI32.dll
0x00007ffc79740000 - 0x00007ffc797e6000 	C:\WINDOWS\System32\sechost.dll
0x00007ffc78fe0000 - 0x00007ffc790f8000 	C:\WINDOWS\System32\RPCRT4.dll
0x00007ffc78070000 - 0x00007ffc780e4000 	C:\WINDOWS\System32\WS2_32.dll
0x00007ffc76b90000 - 0x00007ffc76bee000 	C:\WINDOWS\SYSTEM32\POWRPROF.dll
0x00007ffc6f350000 - 0x00007ffc6f35b000 	C:\WINDOWS\SYSTEM32\VERSION.dll
0x00007ffc73780000 - 0x00007ffc737b5000 	C:\WINDOWS\SYSTEM32\WINMM.dll
0x00007ffc76b70000 - 0x00007ffc76b84000 	C:\WINDOWS\SYSTEM32\UMPDC.dll
0x00007ffc75af0000 - 0x00007ffc75b0b000 	C:\WINDOWS\SYSTEM32\kernel.appcore.dll
0x00007ffc64590000 - 0x00007ffc6459a000 	C:\Program Files\Java\jdk-24\bin\jimage.dll
0x00007ffc74140000 - 0x00007ffc74382000 	C:\WINDOWS\SYSTEM32\DBGHELP.DLL
0x00007ffc77ce0000 - 0x00007ffc7806b000 	C:\WINDOWS\System32\combase.dll
0x00007ffc79660000 - 0x00007ffc79737000 	C:\WINDOWS\System32\OLEAUT32.dll
0x00007ffc633f0000 - 0x00007ffc6342c000 	C:\WINDOWS\SYSTEM32\dbgcore.DLL
0x00007ffc77220000 - 0x00007ffc772c5000 	C:\WINDOWS\System32\bcryptPrimitives.dll
0x00007ffc63ed0000 - 0x00007ffc63eee000 	C:\Program Files\Java\jdk-24\bin\java.dll
0x00007ffc799e0000 - 0x00007ffc79b77000 	C:\WINDOWS\System32\ole32.dll
0x00007ffc787c0000 - 0x00007ffc78f11000 	C:\WINDOWS\System32\SHELL32.dll
0x00007ffc77020000 - 0x00007ffc7718b000 	C:\WINDOWS\System32\wintypes.dll
0x00007ffc74940000 - 0x00007ffc7519d000 	C:\WINDOWS\SYSTEM32\windows.storage.dll
0x00007ffc797f0000 - 0x00007ffc798e2000 	C:\WINDOWS\System32\SHCORE.dll
0x00007ffc78100000 - 0x00007ffc78167000 	C:\WINDOWS\System32\shlwapi.dll
0x00007ffc76c50000 - 0x00007ffc76c79000 	C:\WINDOWS\SYSTEM32\profapi.dll
0x00007ffc1e4a0000 - 0x00007ffc1e577000 	C:\Program Files\Java\jdk-24\bin\jsvml.dll
0x00007ffc5ef60000 - 0x00007ffc5ef70000 	C:\Program Files\Java\jdk-24\bin\net.dll
0x00007ffc76060000 - 0x00007ffc760cb000 	C:\WINDOWS\system32\mswsock.dll
0x00007ffc43c50000 - 0x00007ffc43c66000 	C:\Program Files\Java\jdk-24\bin\nio.dll
0x00007ffc555d0000 - 0x00007ffc555e7000 	C:\Program Files\Java\jdk-24\bin\zip.dll
0x00007ffc210e0000 - 0x00007ffc21104000 	D:\Netbeans\netbeans\java\maven\lib\jansi-native\Windows\x86_64\jansi.dll
0x00007ffc57190000 - 0x00007ffc571a0000 	C:\Program Files\Java\jdk-24\bin\verify.dll

JVMTI agents: none

dbghelp: loaded successfully - version: 4.0.5 - missing functions: none
symbol engine: initialized successfully - sym options: 0x614 - pdb path: .;C:\Program Files\Java\jdk-24\bin;C:\WINDOWS\SYSTEM32;C:\WINDOWS\WinSxS\amd64_microsoft.windows.common-controls_6595b64144ccf1df_6.0.26100.7019_none_3e06ffa0e335b8a8;C:\Program Files\Java\jdk-24\bin\server;D:\Netbeans\netbeans\java\maven\lib\jansi-native\Windows\x86_64

VM Arguments:
jvm_args: --enable-native-access=ALL-UNNAMED -Dclassworlds.conf=D:\Netbeans\netbeans\java\maven\bin\m2.conf -Dmaven.home=D:\Netbeans\netbeans\java\maven -Dlibrary.jansi.path=D:\Netbeans\netbeans\java\maven\lib\jansi-native -Dmaven.multiModuleProjectDirectory=C:\Users\alons\OneDrive\Escritorio\Squirlearn\SquirlearnPersistance 
java_command: org.codehaus.plexus.classworlds.launcher.Launcher -Dmaven.ext.class.path=D:\Netbeans\netbeans\java\maven-nblib\netbeans-eventspy.jar --no-transfer-progress clean install
java_class_path (initial): D:\Netbeans\netbeans\java\maven\boot\plexus-classworlds-2.9.0.jar
Launcher Type: SUN_STANDARD

[Global flags]
     intx CICompilerCount                          = 4                                         {product} {ergonomic}
     uint ConcGCThreads                            = 2                                         {product} {ergonomic}
     uint G1ConcRefinementThreads                  = 8                                         {product} {ergonomic}
   size_t G1HeapRegionSize                         = 1048576                                   {product} {ergonomic}
   size_t InitialHeapSize                          = 117440512                                 {product} {ergonomic}
   size_t MarkStackSize                            = 4194304                                   {product} {ergonomic}
   size_t MarkStackSizeMax                         = 536870912                                 {product} {ergonomic}
   size_t MaxHeapSize                              = 1862270976                                {product} {ergonomic}
   size_t MaxNewSize                               = 1116733440                                {product} {ergonomic}
   size_t MinHeapDeltaBytes                        = 1048576                                   {product} {ergonomic}
   size_t MinHeapSize                              = 8388608                                   {product} {ergonomic}
    uintx NonNMethodCodeHeapSize                   = 5832704                                {pd product} {ergonomic}
    uintx NonProfiledCodeHeapSize                  = 122945536                              {pd product} {ergonomic}
    uintx ProfiledCodeHeapSize                     = 122880000                              {pd product} {ergonomic}
    uintx ReservedCodeCacheSize                    = 251658240                              {pd product} {ergonomic}
     bool SegmentedCodeCache                       = true                                      {product} {ergonomic}
   size_t SoftMaxHeapSize                          = 1862270976                             {manageable} {ergonomic}
     bool UseCompressedOops                        = true                           {product lp64_product} {ergonomic}
     bool UseG1GC                                  = true                                      {product} {ergonomic}
     bool UseLargePagesIndividualAllocation        = false                                  {pd product} {ergonomic}

Logging:
Log output configuration:
 #0: stdout all=warning uptime,level,tags foldmultilines=false
 #1: stderr all=off uptime,level,tags foldmultilines=false

Environment Variables:
JAVA_HOME=C:\Program Files\Java\jdk-24
PATH=C:\Program Files\Common Files\Oracle\Java\javapath;D:\oracle\dbhomeXE\bin;C:\Program Files (x86)\Common Files\Oracle\Java\javapath;C:\Program Files (x86)\Common Files\Intel\Shared Libraries\redist\intel64\compiler;C:\WINDOWS\system32;C:\WINDOWS;C:\WINDOWS\System32\Wbem;C:\WINDOWS\System32\WindowsPowerShell\v1.0\;C:\WINDOWS\System32\OpenSSH\;C:\Users\alons\AppData\Local\Programs\Python\Python311;C:\Users\alons\AppData\Local\Programs\Python\Python311\Scripts;D:\Copilador\mingw64\bin;C:\MinGW\bin;C:\MinGW\msys\1.0\bin;C:\Program Files\Java\jdk-1.8\bin;C:\Windows\Microsoft.NET\Framework64\v4.0.30319;C:\Program Files\dotnet\;C:\Program Files\dotnet;D:\Clion\CLion 2025.2\bin;D:\Clion\CLion 2025.2\bin\mingw\bin;C:\Program Files\Microsoft SQL Server\150\Tools\Binn\;C:\Program Files\Microsoft SQL Server\Client SDK\ODBC\170\Tools\Binn\;C:\Program Files (x86)\Microsoft SQL Server\160\Tools\Binn\;C:\Program Files\Microsoft SQL Server\160\Tools\Binn\;C:\Program Files\Microsoft SQL Server\160\DTS\Binn\;D:\Git\Git\cmd;C:\Users\alons\AppData\Local\Microsoft\WindowsApps;C:\Users\alons\AppData\Local\Programs\Python\Python311;C:\Users\alons\AppData\Local\Programs\Python\Python311\Scripts;C:\MinGW\bin;C:\Users\alons\.dotnet\tools;
USERNAME=alons
OS=Windows_NT
PROCESSOR_IDENTIFIER=AMD64 Family 23 Model 24 Stepping 1, AuthenticAMD
TMP=C:\Users\alons\AppData\Local\Temp
TEMP=C:\Users\alons\AppData\Local\Temp




Periodic native trim disabled

---------------  S Y S T E M  ---------------

OS:
 Windows 11 , 64 bit Build 26100 (10.0.26100.7019)
OS uptime: 8 days 5:36 hours
Hyper-V role detected

CPU: total 8 (initial active 8) (8 cores per cpu, 2 threads per core) family 23 model 24 stepping 1 microcode 0x8108109, cx8, cmov, fxsr, ht, mmx, 3dnowpref, sse, sse2, sse3, ssse3, sse4a, sse4.1, sse4.2, popcnt, lzcnt, tsc, tscinvbit, avx, avx2, aes, clmul, bmi1, bmi2, adx, sha, fma, vzeroupper, clflush, clflushopt, hv, rdtscp, f16c
Processor Information for the first 8 processors :
  Max Mhz: 2300, Current Mhz: 2300, Mhz Limit: 2300

Memory: 4k page, system-wide physical 7103M (482M free)
TotalPageFile size 28607M (AvailPageFile size 16M)
current process WorkingSet (physical memory assigned to process): 174M, peak: 174M
current process commit charge ("private bytes"): 262M, peak: 278M

vm_info: Java HotSpot(TM) 64-Bit Server VM (24.0.2+12-54) for windows-amd64 JRE (24.0.2+12-54), built on 2025-07-08T12:10:27Z with MS VC++ 17.6 (VS2022)

END.
