#
# There is insufficient memory for the Java Runtime Environment to continue.
# Native memory allocation (malloc) failed to allocate 252048 bytes for Chunk::new
# Possible reasons:
#   The system is out of physical RAM or swap space
#   The process is running with CompressedOops enabled, and the Java Heap may be blocking the growth of the native heap
# Possible solutions:
#   Reduce memory load on the system
#   Increase physical memory or swap space
#   Check if swap backing store is full
#   Decrease Java heap size (-Xmx/-Xms)
#   Decrease number of Java threads
#   Decrease Java thread stack sizes (-Xss)
#   Set larger code cache with -XX:ReservedCodeCacheSize=
#   JVM is running with Unscaled Compressed Oops mode in which the Java heap is
#     placed in the first 4GB address space. The Java Heap base address is the
#     maximum limit for the native heap growth. Please use -XX:HeapBaseMinAddress
#     to set the Java Heap base and to place the Java Heap above 4GB virtual address.
# This output file may be truncated or incomplete.
#
#  Out of Memory Error (arena.cpp:168), pid=24760, tid=19700
#
# JRE version: Java(TM) SE Runtime Environment (21.0.9+7) (build 21.0.9+7-LTS-338)
# Java VM: Java HotSpot(TM) 64-Bit Server VM (21.0.9+7-LTS-338, mixed mode, sharing, tiered, compressed oops, compressed class ptrs, g1 gc, windows-amd64)
# No core dump will be written. Minidumps are not enabled by default on client versions of Windows
#

---------------  S U M M A R Y ------------

Command Line: --enable-native-access=ALL-UNNAMED -Dclassworlds.conf=D:\Netbeans\netbeans\java\maven\bin\m2.conf -Dmaven.home=D:\Netbeans\netbeans\java\maven -Dlibrary.jansi.path=D:\Netbeans\netbeans\java\maven\lib\jansi-native -Dmaven.multiModuleProjectDirectory=C:\Users\alons\OneDrive\Escritorio\Squirlearn\SquirlearnBusiness org.codehaus.plexus.classworlds.launcher.Launcher -Dmaven.ext.class.path=D:\Netbeans\netbeans\java\maven-nblib\netbeans-eventspy.jar --no-transfer-progress clean install

Host: AMD Ryzen 7 3700U with Radeon Vega Mobile Gfx  , 8 cores, 6G,  Windows 11 , 64 bit Build 26100 (10.0.26100.7019)
Time: Thu Nov 20 14:04:52 2025 Hora est. Pacífico, Sudamérica elapsed time: 4.166854 seconds (0d 0h 0m 4s)

---------------  T H R E A D  ---------------

Current thread (0x000001e1ece8fca0):  JavaThread "C2 CompilerThread1" daemon [_thread_in_native, id=19700, stack(0x0000008e45600000,0x0000008e45700000) (1024K)]


Current CompileTask:
C2:   4166 1118       4       sun.nio.cs.StreamDecoder::lockedRead (189 bytes)

Stack: [0x0000008e45600000,0x0000008e45700000]
Native frames: (J=compiled Java code, j=interpreted, Vv=VM code, C=native code)
V  [jvm.dll+0x6cbf89]
V  [jvm.dll+0x858421]
V  [jvm.dll+0x85a94e]
V  [jvm.dll+0x85b023]
V  [jvm.dll+0x27ebc6]
V  [jvm.dll+0xc4f4d]
V  [jvm.dll+0xc5483]
V  [jvm.dll+0x3b69fc]
V  [jvm.dll+0x1e01da]
V  [jvm.dll+0x247792]
V  [jvm.dll+0x246c1f]
V  [jvm.dll+0x1c7a3e]
V  [jvm.dll+0x256329]
V  [jvm.dll+0x2548ba]
V  [jvm.dll+0x3efdee]
V  [jvm.dll+0x80265b]
V  [jvm.dll+0x6ca66d]
C  [ucrtbase.dll+0x37b0]
C  [KERNEL32.DLL+0x2e8d7]
C  [ntdll.dll+0x8c53c]


---------------  P R O C E S S  ---------------

Threads class SMR info:
_java_thread_list=0x000001e1ecea52f0, length=12, elements={
0x000001e1cfd0f5b0, 0x000001e1ec1b1380, 0x000001e1ec1b2b00, 0x000001e1ec1b72a0,
0x000001e1ec1b7d00, 0x000001e1ec1b8760, 0x000001e1ec1b91c0, 0x000001e1ec1b9f50,
0x000001e1ec1be650, 0x000001e1ec48ab70, 0x000001e1ec493ff0, 0x000001e1ece8fca0
}

Java Threads: ( => current thread )
  0x000001e1cfd0f5b0 JavaThread "main"                              [_thread_in_vm, id=596, stack(0x0000008e44400000,0x0000008e44500000) (1024K)]
  0x000001e1ec1b1380 JavaThread "Reference Handler"          daemon [_thread_blocked, id=33008, stack(0x0000008e44c00000,0x0000008e44d00000) (1024K)]
  0x000001e1ec1b2b00 JavaThread "Finalizer"                  daemon [_thread_blocked, id=5172, stack(0x0000008e44d00000,0x0000008e44e00000) (1024K)]
  0x000001e1ec1b72a0 JavaThread "Signal Dispatcher"          daemon [_thread_blocked, id=34016, stack(0x0000008e44e00000,0x0000008e44f00000) (1024K)]
  0x000001e1ec1b7d00 JavaThread "Attach Listener"            daemon [_thread_blocked, id=32216, stack(0x0000008e44f00000,0x0000008e45000000) (1024K)]
  0x000001e1ec1b8760 JavaThread "Service Thread"             daemon [_thread_blocked, id=33052, stack(0x0000008e45000000,0x0000008e45100000) (1024K)]
  0x000001e1ec1b91c0 JavaThread "Monitor Deflation Thread"   daemon [_thread_blocked, id=29728, stack(0x0000008e45100000,0x0000008e45200000) (1024K)]
  0x000001e1ec1b9f50 JavaThread "C2 CompilerThread0"         daemon [_thread_in_vm, id=34312, stack(0x0000008e45200000,0x0000008e45300000) (1024K)]
  0x000001e1ec1be650 JavaThread "C1 CompilerThread0"         daemon [_thread_blocked, id=27208, stack(0x0000008e45300000,0x0000008e45400000) (1024K)]
  0x000001e1ec48ab70 JavaThread "Notification Thread"        daemon [_thread_blocked, id=20188, stack(0x0000008e45400000,0x0000008e45500000) (1024K)]
  0x000001e1ec493ff0 JavaThread "Common-Cleaner"             daemon [_thread_blocked, id=28852, stack(0x0000008e45500000,0x0000008e45600000) (1024K)]
=>0x000001e1ece8fca0 JavaThread "C2 CompilerThread1"         daemon [_thread_in_native, id=19700, stack(0x0000008e45600000,0x0000008e45700000) (1024K)]
Total: 12

Other Threads:
  0x000001e1ec195f40 VMThread "VM Thread"                           [id=432, stack(0x0000008e44b00000,0x0000008e44c00000) (1024K)]
  0x000001e1ec184850 WatcherThread "VM Periodic Task Thread"        [id=26448, stack(0x0000008e44a00000,0x0000008e44b00000) (1024K)]
  0x000001e1cfd57ab0 WorkerThread "GC Thread#0"                     [id=33944, stack(0x0000008e44500000,0x0000008e44600000) (1024K)]
  0x000001e1ecf4c850 WorkerThread "GC Thread#1"                     [id=22792, stack(0x0000008e45700000,0x0000008e45800000) (1024K)]
  0x000001e1f10bfa20 WorkerThread "GC Thread#2"                     [id=22600, stack(0x0000008e45800000,0x0000008e45900000) (1024K)]
  0x000001e1f10c1680 WorkerThread "GC Thread#3"                     [id=4460, stack(0x0000008e45900000,0x0000008e45a00000) (1024K)]
  0x000001e1f1258730 WorkerThread "GC Thread#4"                     [id=19756, stack(0x0000008e45a00000,0x0000008e45b00000) (1024K)]
  0x000001e1ecf35af0 WorkerThread "GC Thread#5"                     [id=3236, stack(0x0000008e45b00000,0x0000008e45c00000) (1024K)]
  0x000001e1ecf35ea0 WorkerThread "GC Thread#6"                     [id=1632, stack(0x0000008e45c00000,0x0000008e45d00000) (1024K)]
  0x000001e1ecf37a50 WorkerThread "GC Thread#7"                     [id=15156, stack(0x0000008e45d00000,0x0000008e45e00000) (1024K)]
  0x000001e1cfd668a0 ConcurrentGCThread "G1 Main Marker"            [id=34220, stack(0x0000008e44600000,0x0000008e44700000) (1024K)]
  0x000001e1cfd683d0 WorkerThread "G1 Conc#0"                       [id=17064, stack(0x0000008e44700000,0x0000008e44800000) (1024K)]
  0x000001e1ec053040 ConcurrentGCThread "G1 Refine#0"               [id=22748, stack(0x0000008e44800000,0x0000008e44900000) (1024K)]
  0x000001e1cfdcea90 ConcurrentGCThread "G1 Service"                [id=30396, stack(0x0000008e44900000,0x0000008e44a00000) (1024K)]
Total: 14

Threads with active compile tasks:
C2 CompilerThread0     4222 1167   !   4       sun.nio.cs.StreamDecoder::read (78 bytes)
C2 CompilerThread1     4222 1118       4       sun.nio.cs.StreamDecoder::lockedRead (189 bytes)
Total: 2

VM state: not at safepoint (normal execution)

VM Mutex/Monitor currently owned by a thread: None

Heap address: 0x0000000091000000, size: 1776 MB, Compressed Oops mode: 32-bit

CDS archive(s) mapped at: [0x000001e180000000-0x000001e180c90000-0x000001e180c90000), size 13172736, SharedBaseAddress: 0x000001e180000000, ArchiveRelocationMode: 1.
Compressed class space mapped at: 0x000001e181000000-0x000001e1c1000000, reserved size: 1073741824
Narrow klass base: 0x000001e180000000, Narrow klass shift: 0, Narrow klass range: 0x100000000

GC Precious Log:
 CardTable entry size: 512
 Card Set container configuration: InlinePtr #cards 5 size 8 Array Of Cards #cards 12 size 40 Howl #buckets 4 coarsen threshold 1843 Howl Bitmap #cards 512 size 80 coarsen threshold 460 Card regions per heap region 1 cards per card region 2048
 CPUs: 8 total, 8 available
 Memory: 7103M
 Large Page Support: Disabled
 NUMA Support: Disabled
 Compressed Oops: Enabled (32-bit)
 Heap Region Size: 1M
 Heap Min Capacity: 8M
 Heap Initial Capacity: 112M
 Heap Max Capacity: 1776M
 Pre-touch: Disabled
 Parallel Workers: 8
 Concurrent Workers: 2
 Concurrent Refinement Workers: 8
 Periodic GC: Disabled

Heap:
 garbage-first heap   total 114688K, used 4928K [0x0000000091000000, 0x0000000100000000)
  region size 1024K, 5 young (5120K), 3 survivors (3072K)
 Metaspace       used 5685K, committed 5888K, reserved 1114112K
  class space    used 658K, committed 768K, reserved 1048576K

Heap Regions: E=young(eden), S=young(survivor), O=old, HS=humongous(starts), HC=humongous(continues), CS=collection set, F=free, TAMS=top-at-mark-start, PB=parsable bottom
|   0|0x0000000091000000, 0x00000000910d0000, 0x0000000091100000| 81%| O|  |TAMS 0x0000000091000000| PB 0x0000000091000000| Untracked 
|   1|0x0000000091100000, 0x0000000091100000, 0x0000000091200000|  0%| F|  |TAMS 0x0000000091100000| PB 0x0000000091100000| Untracked 
|   2|0x0000000091200000, 0x0000000091200000, 0x0000000091300000|  0%| F|  |TAMS 0x0000000091200000| PB 0x0000000091200000| Untracked 
|   3|0x0000000091300000, 0x0000000091300000, 0x0000000091400000|  0%| F|  |TAMS 0x0000000091300000| PB 0x0000000091300000| Untracked 
|   4|0x0000000091400000, 0x0000000091400000, 0x0000000091500000|  0%| F|  |TAMS 0x0000000091400000| PB 0x0000000091400000| Untracked 
|   5|0x0000000091500000, 0x0000000091500000, 0x0000000091600000|  0%| F|  |TAMS 0x0000000091500000| PB 0x0000000091500000| Untracked 
|   6|0x0000000091600000, 0x0000000091600000, 0x0000000091700000|  0%| F|  |TAMS 0x0000000091600000| PB 0x0000000091600000| Untracked 
|   7|0x0000000091700000, 0x0000000091700000, 0x0000000091800000|  0%| F|  |TAMS 0x0000000091700000| PB 0x0000000091700000| Untracked 
|   8|0x0000000091800000, 0x0000000091800000, 0x0000000091900000|  0%| F|  |TAMS 0x0000000091800000| PB 0x0000000091800000| Untracked 
|   9|0x0000000091900000, 0x0000000091900000, 0x0000000091a00000|  0%| F|  |TAMS 0x0000000091900000| PB 0x0000000091900000| Untracked 
|  10|0x0000000091a00000, 0x0000000091a00000, 0x0000000091b00000|  0%| F|  |TAMS 0x0000000091a00000| PB 0x0000000091a00000| Untracked 
|  11|0x0000000091b00000, 0x0000000091b00000, 0x0000000091c00000|  0%| F|  |TAMS 0x0000000091b00000| PB 0x0000000091b00000| Untracked 
|  12|0x0000000091c00000, 0x0000000091c00000, 0x0000000091d00000|  0%| F|  |TAMS 0x0000000091c00000| PB 0x0000000091c00000| Untracked 
|  13|0x0000000091d00000, 0x0000000091d00000, 0x0000000091e00000|  0%| F|  |TAMS 0x0000000091d00000| PB 0x0000000091d00000| Untracked 
|  14|0x0000000091e00000, 0x0000000091e00000, 0x0000000091f00000|  0%| F|  |TAMS 0x0000000091e00000| PB 0x0000000091e00000| Untracked 
|  15|0x0000000091f00000, 0x0000000091f00000, 0x0000000092000000|  0%| F|  |TAMS 0x0000000091f00000| PB 0x0000000091f00000| Untracked 
|  16|0x0000000092000000, 0x0000000092000000, 0x0000000092100000|  0%| F|  |TAMS 0x0000000092000000| PB 0x0000000092000000| Untracked 
|  17|0x0000000092100000, 0x0000000092100000, 0x0000000092200000|  0%| F|  |TAMS 0x0000000092100000| PB 0x0000000092100000| Untracked 
|  18|0x0000000092200000, 0x0000000092200000, 0x0000000092300000|  0%| F|  |TAMS 0x0000000092200000| PB 0x0000000092200000| Untracked 
|  19|0x0000000092300000, 0x0000000092300000, 0x0000000092400000|  0%| F|  |TAMS 0x0000000092300000| PB 0x0000000092300000| Untracked 
|  20|0x0000000092400000, 0x0000000092400000, 0x0000000092500000|  0%| F|  |TAMS 0x0000000092400000| PB 0x0000000092400000| Untracked 
|  21|0x0000000092500000, 0x0000000092500000, 0x0000000092600000|  0%| F|  |TAMS 0x0000000092500000| PB 0x0000000092500000| Untracked 
|  22|0x0000000092600000, 0x0000000092600000, 0x0000000092700000|  0%| F|  |TAMS 0x0000000092600000| PB 0x0000000092600000| Untracked 
|  23|0x0000000092700000, 0x0000000092700000, 0x0000000092800000|  0%| F|  |TAMS 0x0000000092700000| PB 0x0000000092700000| Untracked 
|  24|0x0000000092800000, 0x0000000092800000, 0x0000000092900000|  0%| F|  |TAMS 0x0000000092800000| PB 0x0000000092800000| Untracked 
|  25|0x0000000092900000, 0x0000000092900000, 0x0000000092a00000|  0%| F|  |TAMS 0x0000000092900000| PB 0x0000000092900000| Untracked 
|  26|0x0000000092a00000, 0x0000000092a00000, 0x0000000092b00000|  0%| F|  |TAMS 0x0000000092a00000| PB 0x0000000092a00000| Untracked 
|  27|0x0000000092b00000, 0x0000000092b00000, 0x0000000092c00000|  0%| F|  |TAMS 0x0000000092b00000| PB 0x0000000092b00000| Untracked 
|  28|0x0000000092c00000, 0x0000000092c00000, 0x0000000092d00000|  0%| F|  |TAMS 0x0000000092c00000| PB 0x0000000092c00000| Untracked 
|  29|0x0000000092d00000, 0x0000000092d00000, 0x0000000092e00000|  0%| F|  |TAMS 0x0000000092d00000| PB 0x0000000092d00000| Untracked 
|  30|0x0000000092e00000, 0x0000000092e00000, 0x0000000092f00000|  0%| F|  |TAMS 0x0000000092e00000| PB 0x0000000092e00000| Untracked 
|  31|0x0000000092f00000, 0x0000000092f00000, 0x0000000093000000|  0%| F|  |TAMS 0x0000000092f00000| PB 0x0000000092f00000| Untracked 
|  32|0x0000000093000000, 0x0000000093000000, 0x0000000093100000|  0%| F|  |TAMS 0x0000000093000000| PB 0x0000000093000000| Untracked 
|  33|0x0000000093100000, 0x0000000093100000, 0x0000000093200000|  0%| F|  |TAMS 0x0000000093100000| PB 0x0000000093100000| Untracked 
|  34|0x0000000093200000, 0x0000000093200000, 0x0000000093300000|  0%| F|  |TAMS 0x0000000093200000| PB 0x0000000093200000| Untracked 
|  35|0x0000000093300000, 0x0000000093300000, 0x0000000093400000|  0%| F|  |TAMS 0x0000000093300000| PB 0x0000000093300000| Untracked 
|  36|0x0000000093400000, 0x0000000093400000, 0x0000000093500000|  0%| F|  |TAMS 0x0000000093400000| PB 0x0000000093400000| Untracked 
|  37|0x0000000093500000, 0x0000000093500000, 0x0000000093600000|  0%| F|  |TAMS 0x0000000093500000| PB 0x0000000093500000| Untracked 
|  38|0x0000000093600000, 0x0000000093600000, 0x0000000093700000|  0%| F|  |TAMS 0x0000000093600000| PB 0x0000000093600000| Untracked 
|  39|0x0000000093700000, 0x0000000093700000, 0x0000000093800000|  0%| F|  |TAMS 0x0000000093700000| PB 0x0000000093700000| Untracked 
|  40|0x0000000093800000, 0x0000000093800000, 0x0000000093900000|  0%| F|  |TAMS 0x0000000093800000| PB 0x0000000093800000| Untracked 
|  41|0x0000000093900000, 0x0000000093900000, 0x0000000093a00000|  0%| F|  |TAMS 0x0000000093900000| PB 0x0000000093900000| Untracked 
|  42|0x0000000093a00000, 0x0000000093a00000, 0x0000000093b00000|  0%| F|  |TAMS 0x0000000093a00000| PB 0x0000000093a00000| Untracked 
|  43|0x0000000093b00000, 0x0000000093b00000, 0x0000000093c00000|  0%| F|  |TAMS 0x0000000093b00000| PB 0x0000000093b00000| Untracked 
|  44|0x0000000093c00000, 0x0000000093c00000, 0x0000000093d00000|  0%| F|  |TAMS 0x0000000093c00000| PB 0x0000000093c00000| Untracked 
|  45|0x0000000093d00000, 0x0000000093d00000, 0x0000000093e00000|  0%| F|  |TAMS 0x0000000093d00000| PB 0x0000000093d00000| Untracked 
|  46|0x0000000093e00000, 0x0000000093e00000, 0x0000000093f00000|  0%| F|  |TAMS 0x0000000093e00000| PB 0x0000000093e00000| Untracked 
|  47|0x0000000093f00000, 0x0000000093f00000, 0x0000000094000000|  0%| F|  |TAMS 0x0000000093f00000| PB 0x0000000093f00000| Untracked 
|  48|0x0000000094000000, 0x0000000094000000, 0x0000000094100000|  0%| F|  |TAMS 0x0000000094000000| PB 0x0000000094000000| Untracked 
|  49|0x0000000094100000, 0x0000000094100000, 0x0000000094200000|  0%| F|  |TAMS 0x0000000094100000| PB 0x0000000094100000| Untracked 
|  50|0x0000000094200000, 0x0000000094200000, 0x0000000094300000|  0%| F|  |TAMS 0x0000000094200000| PB 0x0000000094200000| Untracked 
|  51|0x0000000094300000, 0x0000000094300000, 0x0000000094400000|  0%| F|  |TAMS 0x0000000094300000| PB 0x0000000094300000| Untracked 
|  52|0x0000000094400000, 0x0000000094400000, 0x0000000094500000|  0%| F|  |TAMS 0x0000000094400000| PB 0x0000000094400000| Untracked 
|  53|0x0000000094500000, 0x0000000094500000, 0x0000000094600000|  0%| F|  |TAMS 0x0000000094500000| PB 0x0000000094500000| Untracked 
|  54|0x0000000094600000, 0x0000000094600000, 0x0000000094700000|  0%| F|  |TAMS 0x0000000094600000| PB 0x0000000094600000| Untracked 
|  55|0x0000000094700000, 0x0000000094700000, 0x0000000094800000|  0%| F|  |TAMS 0x0000000094700000| PB 0x0000000094700000| Untracked 
|  56|0x0000000094800000, 0x0000000094800000, 0x0000000094900000|  0%| F|  |TAMS 0x0000000094800000| PB 0x0000000094800000| Untracked 
|  57|0x0000000094900000, 0x0000000094900000, 0x0000000094a00000|  0%| F|  |TAMS 0x0000000094900000| PB 0x0000000094900000| Untracked 
|  58|0x0000000094a00000, 0x0000000094a00000, 0x0000000094b00000|  0%| F|  |TAMS 0x0000000094a00000| PB 0x0000000094a00000| Untracked 
|  59|0x0000000094b00000, 0x0000000094b00000, 0x0000000094c00000|  0%| F|  |TAMS 0x0000000094b00000| PB 0x0000000094b00000| Untracked 
|  60|0x0000000094c00000, 0x0000000094c00000, 0x0000000094d00000|  0%| F|  |TAMS 0x0000000094c00000| PB 0x0000000094c00000| Untracked 
|  61|0x0000000094d00000, 0x0000000094d00000, 0x0000000094e00000|  0%| F|  |TAMS 0x0000000094d00000| PB 0x0000000094d00000| Untracked 
|  62|0x0000000094e00000, 0x0000000094e00000, 0x0000000094f00000|  0%| F|  |TAMS 0x0000000094e00000| PB 0x0000000094e00000| Untracked 
|  63|0x0000000094f00000, 0x0000000094f00000, 0x0000000095000000|  0%| F|  |TAMS 0x0000000094f00000| PB 0x0000000094f00000| Untracked 
|  64|0x0000000095000000, 0x0000000095000000, 0x0000000095100000|  0%| F|  |TAMS 0x0000000095000000| PB 0x0000000095000000| Untracked 
|  65|0x0000000095100000, 0x0000000095100000, 0x0000000095200000|  0%| F|  |TAMS 0x0000000095100000| PB 0x0000000095100000| Untracked 
|  66|0x0000000095200000, 0x0000000095200000, 0x0000000095300000|  0%| F|  |TAMS 0x0000000095200000| PB 0x0000000095200000| Untracked 
|  67|0x0000000095300000, 0x0000000095300000, 0x0000000095400000|  0%| F|  |TAMS 0x0000000095300000| PB 0x0000000095300000| Untracked 
|  68|0x0000000095400000, 0x0000000095400000, 0x0000000095500000|  0%| F|  |TAMS 0x0000000095400000| PB 0x0000000095400000| Untracked 
|  69|0x0000000095500000, 0x0000000095500000, 0x0000000095600000|  0%| F|  |TAMS 0x0000000095500000| PB 0x0000000095500000| Untracked 
|  70|0x0000000095600000, 0x0000000095600000, 0x0000000095700000|  0%| F|  |TAMS 0x0000000095600000| PB 0x0000000095600000| Untracked 
|  71|0x0000000095700000, 0x0000000095700000, 0x0000000095800000|  0%| F|  |TAMS 0x0000000095700000| PB 0x0000000095700000| Untracked 
|  72|0x0000000095800000, 0x0000000095800000, 0x0000000095900000|  0%| F|  |TAMS 0x0000000095800000| PB 0x0000000095800000| Untracked 
|  73|0x0000000095900000, 0x0000000095900000, 0x0000000095a00000|  0%| F|  |TAMS 0x0000000095900000| PB 0x0000000095900000| Untracked 
|  74|0x0000000095a00000, 0x0000000095a00000, 0x0000000095b00000|  0%| F|  |TAMS 0x0000000095a00000| PB 0x0000000095a00000| Untracked 
|  75|0x0000000095b00000, 0x0000000095b00000, 0x0000000095c00000|  0%| F|  |TAMS 0x0000000095b00000| PB 0x0000000095b00000| Untracked 
|  76|0x0000000095c00000, 0x0000000095c00000, 0x0000000095d00000|  0%| F|  |TAMS 0x0000000095c00000| PB 0x0000000095c00000| Untracked 
|  77|0x0000000095d00000, 0x0000000095d00000, 0x0000000095e00000|  0%| F|  |TAMS 0x0000000095d00000| PB 0x0000000095d00000| Untracked 
|  78|0x0000000095e00000, 0x0000000095e00000, 0x0000000095f00000|  0%| F|  |TAMS 0x0000000095e00000| PB 0x0000000095e00000| Untracked 
|  79|0x0000000095f00000, 0x0000000095f00000, 0x0000000096000000|  0%| F|  |TAMS 0x0000000095f00000| PB 0x0000000095f00000| Untracked 
|  80|0x0000000096000000, 0x0000000096000000, 0x0000000096100000|  0%| F|  |TAMS 0x0000000096000000| PB 0x0000000096000000| Untracked 
|  81|0x0000000096100000, 0x0000000096100000, 0x0000000096200000|  0%| F|  |TAMS 0x0000000096100000| PB 0x0000000096100000| Untracked 
|  82|0x0000000096200000, 0x0000000096200000, 0x0000000096300000|  0%| F|  |TAMS 0x0000000096200000| PB 0x0000000096200000| Untracked 
|  83|0x0000000096300000, 0x0000000096300000, 0x0000000096400000|  0%| F|  |TAMS 0x0000000096300000| PB 0x0000000096300000| Untracked 
|  84|0x0000000096400000, 0x0000000096400000, 0x0000000096500000|  0%| F|  |TAMS 0x0000000096400000| PB 0x0000000096400000| Untracked 
|  85|0x0000000096500000, 0x0000000096500000, 0x0000000096600000|  0%| F|  |TAMS 0x0000000096500000| PB 0x0000000096500000| Untracked 
|  86|0x0000000096600000, 0x0000000096700000, 0x0000000096700000|100%| S|CS|TAMS 0x0000000096600000| PB 0x0000000096600000| Complete 
|  87|0x0000000096700000, 0x0000000096800000, 0x0000000096800000|100%| S|CS|TAMS 0x0000000096700000| PB 0x0000000096700000| Complete 
|  88|0x0000000096800000, 0x0000000096900000, 0x0000000096900000|100%| S|CS|TAMS 0x0000000096800000| PB 0x0000000096800000| Complete 
|  89|0x0000000096900000, 0x0000000096900000, 0x0000000096a00000|  0%| F|  |TAMS 0x0000000096900000| PB 0x0000000096900000| Untracked 
|  90|0x0000000096a00000, 0x0000000096a00000, 0x0000000096b00000|  0%| F|  |TAMS 0x0000000096a00000| PB 0x0000000096a00000| Untracked 
|  91|0x0000000096b00000, 0x0000000096b00000, 0x0000000096c00000|  0%| F|  |TAMS 0x0000000096b00000| PB 0x0000000096b00000| Untracked 
|  92|0x0000000096c00000, 0x0000000096c00000, 0x0000000096d00000|  0%| F|  |TAMS 0x0000000096c00000| PB 0x0000000096c00000| Untracked 
|  93|0x0000000096d00000, 0x0000000096d00000, 0x0000000096e00000|  0%| F|  |TAMS 0x0000000096d00000| PB 0x0000000096d00000| Untracked 
|  94|0x0000000096e00000, 0x0000000096e00000, 0x0000000096f00000|  0%| F|  |TAMS 0x0000000096e00000| PB 0x0000000096e00000| Untracked 
|  95|0x0000000096f00000, 0x0000000096f00000, 0x0000000097000000|  0%| F|  |TAMS 0x0000000096f00000| PB 0x0000000096f00000| Untracked 
|  96|0x0000000097000000, 0x0000000097000000, 0x0000000097100000|  0%| F|  |TAMS 0x0000000097000000| PB 0x0000000097000000| Untracked 
|  97|0x0000000097100000, 0x0000000097100000, 0x0000000097200000|  0%| F|  |TAMS 0x0000000097100000| PB 0x0000000097100000| Untracked 
|  98|0x0000000097200000, 0x0000000097200000, 0x0000000097300000|  0%| F|  |TAMS 0x0000000097200000| PB 0x0000000097200000| Untracked 
|  99|0x0000000097300000, 0x0000000097300000, 0x0000000097400000|  0%| F|  |TAMS 0x0000000097300000| PB 0x0000000097300000| Untracked 
| 100|0x0000000097400000, 0x0000000097400000, 0x0000000097500000|  0%| F|  |TAMS 0x0000000097400000| PB 0x0000000097400000| Untracked 
| 101|0x0000000097500000, 0x0000000097500000, 0x0000000097600000|  0%| F|  |TAMS 0x0000000097500000| PB 0x0000000097500000| Untracked 
| 102|0x0000000097600000, 0x0000000097600000, 0x0000000097700000|  0%| F|  |TAMS 0x0000000097600000| PB 0x0000000097600000| Untracked 
| 103|0x0000000097700000, 0x0000000097700000, 0x0000000097800000|  0%| F|  |TAMS 0x0000000097700000| PB 0x0000000097700000| Untracked 
| 104|0x0000000097800000, 0x0000000097800000, 0x0000000097900000|  0%| F|  |TAMS 0x0000000097800000| PB 0x0000000097800000| Untracked 
| 105|0x0000000097900000, 0x0000000097900000, 0x0000000097a00000|  0%| F|  |TAMS 0x0000000097900000| PB 0x0000000097900000| Untracked 
| 106|0x0000000097a00000, 0x0000000097a00000, 0x0000000097b00000|  0%| F|  |TAMS 0x0000000097a00000| PB 0x0000000097a00000| Untracked 
| 107|0x0000000097b00000, 0x0000000097b00000, 0x0000000097c00000|  0%| F|  |TAMS 0x0000000097b00000| PB 0x0000000097b00000| Untracked 
| 108|0x0000000097c00000, 0x0000000097c00000, 0x0000000097d00000|  0%| F|  |TAMS 0x0000000097c00000| PB 0x0000000097c00000| Untracked 
| 109|0x0000000097d00000, 0x0000000097d00000, 0x0000000097e00000|  0%| F|  |TAMS 0x0000000097d00000| PB 0x0000000097d00000| Untracked 
| 110|0x0000000097e00000, 0x0000000097ec53d0, 0x0000000097f00000| 77%| E|  |TAMS 0x0000000097e00000| PB 0x0000000097e00000| Complete 
| 111|0x0000000097f00000, 0x0000000098000000, 0x0000000098000000|100%| E|CS|TAMS 0x0000000097f00000| PB 0x0000000097f00000| Complete 

Card table byte_map: [0x000001e1e7860000,0x000001e1e7be0000] _byte_map_base: 0x000001e1e73d8000

Marking Bits: (CMBitMap*) 0x000001e1cfd581c0
 Bits: [0x000001e1e7be0000, 0x000001e1e97a0000)

Polling page: 0x000001e1cdc20000

Metaspace:

Usage:
  Non-class:      4.93 MB used.
      Class:    660.58 KB used.
       Both:      5.57 MB used.

Virtual space:
  Non-class space:       64.00 MB reserved,       5.06 MB (  8%) committed,  1 nodes.
      Class space:        1.00 GB reserved,     768.00 KB ( <1%) committed,  1 nodes.
             Both:        1.06 GB reserved,       5.81 MB ( <1%) committed. 

Chunk freelists:
   Non-Class:  9.11 MB
       Class:  15.28 MB
        Both:  24.39 MB

MaxMetaspaceSize: unlimited
CompressedClassSpaceSize: 1.00 GB
Initial GC threshold: 21.00 MB
Current GC threshold: 21.00 MB
CDS: on
 - commit_granule_bytes: 65536.
 - commit_granule_words: 8192.
 - virtual_space_node_default_size: 8388608.
 - enlarge_chunks_in_place: 1.
 - use_allocation_guard: 0.


Internal statistics:

num_allocs_failed_limit: 0.
num_arena_births: 56.
num_arena_deaths: 0.
num_vsnodes_births: 2.
num_vsnodes_deaths: 0.
num_space_committed: 93.
num_space_uncommitted: 0.
num_chunks_returned_to_freelist: 0.
num_chunks_taken_from_freelist: 218.
num_chunk_merges: 0.
num_chunk_splits: 142.
num_chunks_enlarged: 116.
num_inconsistent_stats: 0.

CodeHeap 'non-profiled nmethods': size=120000Kb used=377Kb max_used=377Kb free=119622Kb
 bounds [0x000001e1dfc80000, 0x000001e1dfef0000, 0x000001e1e71b0000]
CodeHeap 'profiled nmethods': size=120000Kb used=2252Kb max_used=2252Kb free=117747Kb
 bounds [0x000001e1d81b0000, 0x000001e1d8420000, 0x000001e1df6e0000]
CodeHeap 'non-nmethods': size=5760Kb used=1351Kb max_used=1374Kb free=4408Kb
 bounds [0x000001e1df6e0000, 0x000001e1df950000, 0x000001e1dfc80000]
 total_blobs=1605 nmethods=1148 adapters=362
 compilation: enabled
              stopped_count=0, restarted_count=0
 full_count=0

Compilation events (20 events):
Event: 2.090 Thread 0x000001e1ec1be650 1141       3       org.codehaus.plexus.util.xml.pull.MXParser::getName (84 bytes)
Event: 2.091 Thread 0x000001e1ec1be650 nmethod 1141 0x000001e1d83dc490 code [0x000001e1d83dc660, 0x000001e1d83dc9f0]
Event: 2.098 Thread 0x000001e1ec1be650 1144       3       java.lang.ClassLoader::getNamedPackage (73 bytes)
Event: 2.099 Thread 0x000001e1ec1be650 nmethod 1144 0x000001e1d83dcb10 code [0x000001e1d83dcd00, 0x000001e1d83dd258]
Event: 2.104 Thread 0x000001e1ec1be650 1145       3       org.eclipse.sisu.plexus.PlexusXmlScanner::TEXT (10 bytes)
Event: 2.105 Thread 0x000001e1ec1be650 nmethod 1145 0x000001e1d83dd410 code [0x000001e1d83dd600, 0x000001e1d83dd9a0]
Event: 2.105 Thread 0x000001e1ec1be650 1146       3       org.codehaus.plexus.util.xml.pull.MXParser::nextText (107 bytes)
Event: 2.106 Thread 0x000001e1ec1be650 nmethod 1146 0x000001e1d83ddb10 code [0x000001e1d83ddde0, 0x000001e1d83de9b8]
Event: 2.108 Thread 0x000001e1ec1be650 1147       3       java.util.LinkedHashMap$LinkedHashIterator::nextNode (68 bytes)
Event: 2.109 Thread 0x000001e1ec1be650 nmethod 1147 0x000001e1d83dee10 code [0x000001e1d83df000, 0x000001e1d83df3f8]
Event: 2.110 Thread 0x000001e1ec1be650 1148       3       java.lang.StringBuilder::charAt (6 bytes)
Event: 2.110 Thread 0x000001e1ec1be650 nmethod 1148 0x000001e1d83df590 code [0x000001e1d83df740, 0x000001e1d83df880]
Event: 2.110 Thread 0x000001e1ec1be650 1149       3       java.lang.AbstractStringBuilder::charAt (36 bytes)
Event: 2.111 Thread 0x000001e1ec1be650 nmethod 1149 0x000001e1d83df910 code [0x000001e1d83dfae0, 0x000001e1d83dfe10]
Event: 2.124 Thread 0x000001e1ec1be650 1157       2       java.lang.Integer::numberOfLeadingZeros (79 bytes)
Event: 2.124 Thread 0x000001e1ec1be650 nmethod 1157 0x000001e1d83dff90 code [0x000001e1d83e0120, 0x000001e1d83e0298]
Event: 2.138 Thread 0x000001e1ec1b9f50 nmethod 1117 0x000001e1dfcd7b90 code [0x000001e1dfcd7f60, 0x000001e1dfcda5b0]
Event: 2.138 Thread 0x000001e1ec1b9f50 1133       4       org.codehaus.plexus.util.xml.pull.MXParser::more (106 bytes)
Event: 2.141 Thread 0x000001e1ec1b9f50 nmethod 1133 0x000001e1dfcdc190 code [0x000001e1dfcdc320, 0x000001e1dfcdc478]
Event: 2.142 Thread 0x000001e1ec1b9f50 1143       4       sun.nio.cs.StreamDecoder::implRead (232 bytes)

GC Heap History (0 events):
No events

Dll operation events (8 events):
Event: 0.029 Loaded shared library C:\Program Files\Java\jdk-21\bin\java.dll
Event: 0.160 Loaded shared library C:\Program Files\Java\jdk-21\bin\jsvml.dll
Event: 0.221 Loaded shared library C:\Program Files\Java\jdk-21\bin\net.dll
Event: 0.232 Loaded shared library C:\Program Files\Java\jdk-21\bin\nio.dll
Event: 0.248 Loaded shared library C:\Program Files\Java\jdk-21\bin\zip.dll
Event: 0.768 Loaded shared library D:\Netbeans\netbeans\java\maven\lib\jansi-native\Windows\x86_64\jansi.dll
Event: 0.817 Loaded shared library C:\Program Files\Java\jdk-21\bin\verify.dll
Event: 0.869 Loaded shared library C:\Program Files\Java\jdk-21\bin\jimage.dll

Deoptimization events (20 events):
Event: 2.012 Thread 0x000001e1cfd0f5b0 DEOPT UNPACKING pc=0x000001e1df7346a2 sp=0x0000008e444fdff0 mode 2
Event: 2.015 Thread 0x000001e1cfd0f5b0 Uncommon trap: trap_request=0xffffffde fr.pc=0x000001e1dfcbdde8 relative=0x00000000000006a8
Event: 2.015 Thread 0x000001e1cfd0f5b0 Uncommon trap: reason=class_check action=maybe_recompile pc=0x000001e1dfcbdde8 method=java.util.regex.Matcher.search(I)Z @ 121 c2
Event: 2.015 Thread 0x000001e1cfd0f5b0 DEOPT PACKING pc=0x000001e1dfcbdde8 sp=0x0000008e444fe4d0
Event: 2.015 Thread 0x000001e1cfd0f5b0 DEOPT UNPACKING pc=0x000001e1df7346a2 sp=0x0000008e444fe4a0 mode 2
Event: 2.015 Thread 0x000001e1cfd0f5b0 Uncommon trap: trap_request=0xffffff76 fr.pc=0x000001e1dfcb7c8c relative=0x000000000000032c
Event: 2.015 Thread 0x000001e1cfd0f5b0 Uncommon trap: reason=predicate action=maybe_recompile pc=0x000001e1dfcb7c8c method=java.util.regex.Pattern$BmpCharPropertyGreedy.match(Ljava/util/regex/Matcher;ILjava/lang/CharSequence;)Z @ 12 c2
Event: 2.015 Thread 0x000001e1cfd0f5b0 DEOPT PACKING pc=0x000001e1dfcb7c8c sp=0x0000008e444fe2a0
Event: 2.015 Thread 0x000001e1cfd0f5b0 DEOPT UNPACKING pc=0x000001e1df7346a2 sp=0x0000008e444fe258 mode 2
Event: 2.016 Thread 0x000001e1cfd0f5b0 Uncommon trap: trap_request=0xffffff45 fr.pc=0x000001e1dfcac760 relative=0x00000000000000c0
Event: 2.016 Thread 0x000001e1cfd0f5b0 Uncommon trap: reason=unstable_if action=reinterpret pc=0x000001e1dfcac760 method=org.codehaus.plexus.util.xml.pull.MXParser.more()C @ 8 c2
Event: 2.016 Thread 0x000001e1cfd0f5b0 DEOPT PACKING pc=0x000001e1dfcac760 sp=0x0000008e444fe690
Event: 2.016 Thread 0x000001e1cfd0f5b0 DEOPT UNPACKING pc=0x000001e1df7346a2 sp=0x0000008e444fe620 mode 2
Event: 2.109 Thread 0x000001e1cfd0f5b0 Uncommon trap: trap_request=0xffffffde fr.pc=0x000001e1dfcbdde8 relative=0x00000000000006a8
Event: 2.109 Thread 0x000001e1cfd0f5b0 Uncommon trap: reason=class_check action=maybe_recompile pc=0x000001e1dfcbdde8 method=java.util.regex.Matcher.search(I)Z @ 121 c2
Event: 2.109 Thread 0x000001e1cfd0f5b0 DEOPT PACKING pc=0x000001e1dfcbdde8 sp=0x0000008e444fe4d0
Event: 2.110 Thread 0x000001e1cfd0f5b0 DEOPT UNPACKING pc=0x000001e1df7346a2 sp=0x0000008e444fe4a0 mode 2
Event: 2.151 Thread 0x000001e1cfd0f5b0 Uncommon trap: trap_request=0xffffff45 fr.pc=0x000001e1dfcd9304 relative=0x00000000000013a4
Event: 2.151 Thread 0x000001e1cfd0f5b0 Uncommon trap: reason=unstable_if action=reinterpret pc=0x000001e1dfcd9304 method=java.nio.charset.CharsetDecoder.decode(Ljava/nio/ByteBuffer;Ljava/nio/CharBuffer;Z)Ljava/nio/charset/CoderResult; @ 82 c2
Event: 2.151 Thread 0x000001e1cfd0f5b0 DEOPT PACKING pc=0x000001e1dfcd9304 sp=0x0000008e444fe2c0

Classes loaded (20 events):
Event: 1.916 Loading class java/lang/annotation/Target
Event: 1.917 Loading class java/lang/annotation/Target done
Event: 1.917 Loading class java/lang/annotation/ElementType
Event: 1.917 Loading class java/lang/annotation/ElementType done
Event: 1.917 Loading class java/lang/annotation/Documented
Event: 1.917 Loading class java/lang/annotation/Documented done
Event: 1.937 Loading class java/util/concurrent/TimeoutException
Event: 1.937 Loading class java/util/concurrent/TimeoutException done
Event: 1.937 Loading class java/util/concurrent/CancellationException
Event: 1.938 Loading class java/util/concurrent/CancellationException done
Event: 1.954 Loading class java/lang/reflect/ParameterizedType
Event: 1.954 Loading class java/lang/reflect/ParameterizedType done
Event: 1.963 Loading class java/lang/reflect/WildcardType
Event: 1.963 Loading class java/lang/reflect/WildcardType done
Event: 1.970 Loading class sun/reflect/generics/tree/TypeVariableSignature
Event: 1.970 Loading class sun/reflect/generics/tree/TypeVariableSignature done
Event: 2.003 Loading class java/lang/annotation/IncompleteAnnotationException
Event: 2.003 Loading class java/lang/annotation/IncompleteAnnotationException done
Event: 2.112 Loading class java/lang/foreign/MemorySegment
Event: 2.113 Loading class java/lang/foreign/MemorySegment done

Classes unloaded (0 events):
No events

Classes redefined (0 events):
No events

Internal exceptions (20 events):
Event: 0.783 Thread 0x000001e1cfd0f5b0 Exception <a 'java/lang/NullPointerException'{0x0000000097a0fe70}> (0x0000000097a0fe70) 
thrown [s\open\src\hotspot\share\interpreter\linkResolver.cpp, line 1372]
Event: 0.808 Thread 0x000001e1cfd0f5b0 Exception <a 'sun/nio/fs/WindowsException'{0x0000000097a3bc00}> (0x0000000097a3bc00) 
thrown [s\open\src\hotspot\share\prims\jni.cpp, line 520]
Event: 0.810 Thread 0x000001e1cfd0f5b0 Exception <a 'sun/nio/fs/WindowsException'{0x0000000097a3c378}> (0x0000000097a3c378) 
thrown [s\open\src\hotspot\share\prims\jni.cpp, line 520]
Event: 0.810 Thread 0x000001e1cfd0f5b0 Exception <a 'sun/nio/fs/WindowsException'{0x0000000097a3c978}> (0x0000000097a3c978) 
thrown [s\open\src\hotspot\share\prims\jni.cpp, line 520]
Event: 0.810 Thread 0x000001e1cfd0f5b0 Exception <a 'sun/nio/fs/WindowsException'{0x0000000097a3cef0}> (0x0000000097a3cef0) 
thrown [s\open\src\hotspot\share\prims\jni.cpp, line 520]
Event: 0.811 Thread 0x000001e1cfd0f5b0 Exception <a 'sun/nio/fs/WindowsException'{0x0000000097a3d448}> (0x0000000097a3d448) 
thrown [s\open\src\hotspot\share\prims\jni.cpp, line 520]
Event: 0.811 Thread 0x000001e1cfd0f5b0 Exception <a 'sun/nio/fs/WindowsException'{0x0000000097a3d950}> (0x0000000097a3d950) 
thrown [s\open\src\hotspot\share\prims\jni.cpp, line 520]
Event: 0.811 Thread 0x000001e1cfd0f5b0 Exception <a 'sun/nio/fs/WindowsException'{0x0000000097a3de10}> (0x0000000097a3de10) 
thrown [s\open\src\hotspot\share\prims\jni.cpp, line 520]
Event: 0.863 Thread 0x000001e1cfd0f5b0 Exception <a 'java/lang/NoSuchMethodError'{0x0000000097a8dda0}: 'void java.lang.invoke.DirectMethodHandle$Holder.invokeStatic(java.lang.Object, java.lang.Object)'> (0x0000000097a8dda0) 
thrown [s\open\src\hotspot\share\interpreter\linkResolver.cpp, line 773]
Event: 0.864 Thread 0x000001e1cfd0f5b0 Exception <a 'java/lang/NoSuchMethodError'{0x0000000097a91180}: 'void java.lang.invoke.DirectMethodHandle$Holder.invokeStaticInit(java.lang.Object, java.lang.Object)'> (0x0000000097a91180) 
thrown [s\open\src\hotspot\share\interpreter\linkResolver.cpp, line 773]
Event: 0.894 Thread 0x000001e1cfd0f5b0 Exception <a 'java/lang/NoSuchMethodError'{0x0000000097ada9d8}: 'void java.lang.invoke.DirectMethodHandle$Holder.invokeStatic(java.lang.Object, java.lang.Object, java.lang.Object)'> (0x0000000097ada9d8) 
thrown [s\open\src\hotspot\share\interpreter\linkResolver.cpp, line 773]
Event: 1.094 Thread 0x000001e1cfd0f5b0 Exception <a 'java/lang/NoSuchMethodError'{0x00000000978e1318}: 'java.lang.Object java.lang.invoke.DirectMethodHandle$Holder.invokeSpecialIFC(java.lang.Object, java.lang.Object, java.lang.Object, java.lang.Object)'> (0x00000000978e1318) 
thrown [s\open\src\hotspot\share\interpreter\linkResolver.cpp, line 773]
Event: 1.658 Thread 0x000001e1cfd0f5b0 Exception <a 'java/lang/NoSuchMethodError'{0x00000000972b6a78}: 'void java.lang.invoke.DirectMethodHandle$Holder.invokeSpecial(java.lang.Object, java.lang.Object, java.lang.Object)'> (0x00000000972b6a78) 
thrown [s\open\src\hotspot\share\interpreter\linkResolver.cpp, line 773]
Event: 1.747 Thread 0x000001e1cfd0f5b0 Exception <a 'java/lang/NoSuchMethodError'{0x00000000970104a0}: 'java.lang.Object java.lang.invoke.DirectMethodHandle$Holder.invokeInterface(java.lang.Object, java.lang.Object)'> (0x00000000970104a0) 
thrown [s\open\src\hotspot\share\interpreter\linkResolver.cpp, line 773]
Event: 1.784 Thread 0x000001e1cfd0f5b0 Exception <a 'java/lang/NoSuchMethodError'{0x00000000970b0648}: 'int java.lang.invoke.DirectMethodHandle$Holder.invokeStatic(java.lang.Object, java.lang.Object, java.lang.Object, java.lang.Object)'> (0x00000000970b0648) 
thrown [s\open\src\hotspot\share\interpreter\linkResolver.cpp, line 773]
Event: 1.784 Thread 0x000001e1cfd0f5b0 Exception <a 'java/lang/NoSuchMethodError'{0x00000000970b3cd8}: 'java.lang.Object java.lang.invoke.Invokers$Holder.invokeExact_MT(java.lang.Object, java.lang.Object, java.lang.Object, java.lang.Object, java.lang.Object, java.lang.Object)'> (0x00000000970b3cd8) 
thrown [s\open\src\hotspot\share\interpreter\linkResolver.cpp, line 773]
Event: 1.790 Thread 0x000001e1cfd0f5b0 Exception <a 'java/lang/NoSuchMethodError'{0x00000000970c22e0}: 'int java.lang.invoke.DirectMethodHandle$Holder.invokeSpecialIFC(java.lang.Object, java.lang.Object, java.lang.Object, java.lang.Object, java.lang.Object)'> (0x00000000970c22e0) 
thrown [s\open\src\hotspot\share\interpreter\linkResolver.cpp, line 773]
Event: 1.918 Thread 0x000001e1cfd0f5b0 Exception <a 'java/lang/NoSuchMethodError'{0x0000000096e5e138}: 'java.lang.Object java.lang.invoke.DirectMethodHandle$Holder.newInvokeSpecial(java.lang.Object, java.lang.Object, java.lang.Object, java.lang.Object, java.lang.Object)'> (0x0000000096e5e138) 
thrown [s\open\src\hotspot\share\interpreter\linkResolver.cpp, line 773]
Event: 1.986 Thread 0x000001e1cfd0f5b0 Exception <a 'java/lang/NoSuchMethodError'{0x0000000096d7a120}: 'int java.lang.invoke.DirectMethodHandle$Holder.invokeStaticInit(java.lang.Object, java.lang.Object)'> (0x0000000096d7a120) 
thrown [s\open\src\hotspot\share\interpreter\linkResolver.cpp, line 773]
Event: 2.004 Thread 0x000001e1cfd0f5b0 Exception <a 'java/lang/NoClassDefFoundError'{0x0000000096db16d0}: javax/enterprise/inject/Typed> (0x0000000096db16d0) 
thrown [s\open\src\hotspot\share\classfile\systemDictionary.cpp, line 301]

ZGC Phase Switch (0 events):
No events

VM Operations (9 events):
Event: 0.253 Executing VM operation: HandshakeAllThreads (Deoptimize)
Event: 0.253 Executing VM operation: HandshakeAllThreads (Deoptimize) done
Event: 0.744 Executing VM operation: HandshakeAllThreads (Deoptimize)
Event: 0.744 Executing VM operation: HandshakeAllThreads (Deoptimize) done
Event: 0.881 Executing VM operation: HandshakeAllThreads (Deoptimize)
Event: 0.881 Executing VM operation: HandshakeAllThreads (Deoptimize) done
Event: 1.894 Executing VM operation: Cleanup
Event: 1.894 Executing VM operation: Cleanup done
Event: 2.900 Executing VM operation: Cleanup

Events (14 events):
Event: 0.072 Thread 0x000001e1cfd0f5b0 Thread added: 0x000001e1cfd0f5b0
Event: 0.121 Thread 0x000001e1ec1b1380 Thread added: 0x000001e1ec1b1380
Event: 0.121 Thread 0x000001e1ec1b2b00 Thread added: 0x000001e1ec1b2b00
Event: 0.122 Thread 0x000001e1ec1b72a0 Thread added: 0x000001e1ec1b72a0
Event: 0.122 Thread 0x000001e1ec1b7d00 Thread added: 0x000001e1ec1b7d00
Event: 0.122 Thread 0x000001e1ec1b8760 Thread added: 0x000001e1ec1b8760
Event: 0.123 Thread 0x000001e1ec1b91c0 Thread added: 0x000001e1ec1b91c0
Event: 0.123 Thread 0x000001e1ec1b9f50 Thread added: 0x000001e1ec1b9f50
Event: 0.129 Thread 0x000001e1ec1be650 Thread added: 0x000001e1ec1be650
Event: 0.203 Thread 0x000001e1ec48ab70 Thread added: 0x000001e1ec48ab70
Event: 0.210 Thread 0x000001e1ec493ff0 Thread added: 0x000001e1ec493ff0
Event: 0.759 Thread 0x000001e1ec714c10 Thread added: 0x000001e1ec714c10
Event: 0.890 Thread 0x000001e1ec714c10 Thread exited: 0x000001e1ec714c10
Event: 2.055 Thread 0x000001e1ece8fca0 Thread added: 0x000001e1ece8fca0


Dynamic libraries:
0x00007ff7781c0000 - 0x00007ff7781d0000 	C:\Program Files\Java\jdk-21\bin\java.exe
0x00007ffc79be0000 - 0x00007ffc79e48000 	C:\WINDOWS\SYSTEM32\ntdll.dll
0x00007ffc78640000 - 0x00007ffc78709000 	C:\WINDOWS\System32\KERNEL32.DLL
0x00007ffc772d0000 - 0x00007ffc776c8000 	C:\WINDOWS\System32\KERNELBASE.dll
0x00007ffc76d30000 - 0x00007ffc76e7b000 	C:\WINDOWS\System32\ucrtbase.dll
0x00007ffc3aae0000 - 0x00007ffc3aaf9000 	C:\Program Files\Java\jdk-21\bin\jli.dll
0x00007ffc3aac0000 - 0x00007ffc3aadb000 	C:\Program Files\Java\jdk-21\bin\VCRUNTIME140.dll
0x00007ffc79920000 - 0x00007ffc799d4000 	C:\WINDOWS\System32\ADVAPI32.dll
0x00007ffc78710000 - 0x00007ffc787b9000 	C:\WINDOWS\System32\msvcrt.dll
0x00007ffc79740000 - 0x00007ffc797e6000 	C:\WINDOWS\System32\sechost.dll
0x00007ffc78fe0000 - 0x00007ffc790f8000 	C:\WINDOWS\System32\RPCRT4.dll
0x00007ffc79100000 - 0x00007ffc792c7000 	C:\WINDOWS\System32\USER32.dll
0x00007ffc76ff0000 - 0x00007ffc77017000 	C:\WINDOWS\System32\win32u.dll
0x00007ffc61580000 - 0x00007ffc61814000 	C:\WINDOWS\WinSxS\amd64_microsoft.windows.common-controls_6595b64144ccf1df_6.0.26100.7019_none_3e06ffa0e335b8a8\COMCTL32.dll
0x00007ffc798f0000 - 0x00007ffc7991b000 	C:\WINDOWS\System32\GDI32.dll
0x00007ffc776d0000 - 0x00007ffc777fc000 	C:\WINDOWS\System32\gdi32full.dll
0x00007ffc76e80000 - 0x00007ffc76f23000 	C:\WINDOWS\System32\msvcp_win.dll
0x00007ffc6f350000 - 0x00007ffc6f35b000 	C:\WINDOWS\SYSTEM32\VERSION.dll
0x00007ffc77980000 - 0x00007ffc779b1000 	C:\WINDOWS\System32\IMM32.DLL
0x00007ffc46b10000 - 0x00007ffc46b1c000 	C:\Program Files\Java\jdk-21\bin\vcruntime140_1.dll
0x00007ffc0f3f0000 - 0x00007ffc0f47e000 	C:\Program Files\Java\jdk-21\bin\msvcp140.dll
0x00007ffbba680000 - 0x00007ffbbb39d000 	C:\Program Files\Java\jdk-21\bin\server\jvm.dll
0x00007ffc78070000 - 0x00007ffc780e4000 	C:\WINDOWS\System32\WS2_32.dll
0x00007ffc76b90000 - 0x00007ffc76bee000 	C:\WINDOWS\SYSTEM32\POWRPROF.dll
0x00007ffc73780000 - 0x00007ffc737b5000 	C:\WINDOWS\SYSTEM32\WINMM.dll
0x00007ffc76b70000 - 0x00007ffc76b84000 	C:\WINDOWS\SYSTEM32\UMPDC.dll
0x00007ffc75af0000 - 0x00007ffc75b0b000 	C:\WINDOWS\SYSTEM32\kernel.appcore.dll
0x00007ffc454a0000 - 0x00007ffc454aa000 	C:\Program Files\Java\jdk-21\bin\jimage.dll
0x00007ffc74140000 - 0x00007ffc74382000 	C:\WINDOWS\SYSTEM32\DBGHELP.DLL
0x00007ffc77ce0000 - 0x00007ffc7806b000 	C:\WINDOWS\System32\combase.dll
0x00007ffc79660000 - 0x00007ffc79737000 	C:\WINDOWS\System32\OLEAUT32.dll
0x00007ffc633f0000 - 0x00007ffc6342c000 	C:\WINDOWS\SYSTEM32\dbgcore.DLL
0x00007ffc77220000 - 0x00007ffc772c5000 	C:\WINDOWS\System32\bcryptPrimitives.dll
0x00007ffc3aaa0000 - 0x00007ffc3aabf000 	C:\Program Files\Java\jdk-21\bin\java.dll
0x00007ffc787c0000 - 0x00007ffc78f11000 	C:\WINDOWS\System32\SHELL32.dll
0x00007ffc77020000 - 0x00007ffc7718b000 	C:\WINDOWS\System32\wintypes.dll
0x00007ffc74940000 - 0x00007ffc7519d000 	C:\WINDOWS\SYSTEM32\windows.storage.dll
0x00007ffc797f0000 - 0x00007ffc798e2000 	C:\WINDOWS\System32\SHCORE.dll
0x00007ffc78100000 - 0x00007ffc78167000 	C:\WINDOWS\System32\shlwapi.dll
0x00007ffc76c50000 - 0x00007ffc76c79000 	C:\WINDOWS\SYSTEM32\profapi.dll
0x00007ffbffda0000 - 0x00007ffbffe77000 	C:\Program Files\Java\jdk-21\bin\jsvml.dll
0x00007ffc43750000 - 0x00007ffc43760000 	C:\Program Files\Java\jdk-21\bin\net.dll
0x00007ffc6e610000 - 0x00007ffc6e738000 	C:\WINDOWS\SYSTEM32\WINHTTP.dll
0x00007ffc76060000 - 0x00007ffc760cb000 	C:\WINDOWS\system32\mswsock.dll
0x00007ffc234a0000 - 0x00007ffc234b6000 	C:\Program Files\Java\jdk-21\bin\nio.dll
0x00007ffc24900000 - 0x00007ffc24918000 	C:\Program Files\Java\jdk-21\bin\zip.dll
0x00007ffc3e8b0000 - 0x00007ffc3e8d4000 	D:\Netbeans\netbeans\java\maven\lib\jansi-native\Windows\x86_64\jansi.dll
0x00007ffc41280000 - 0x00007ffc41290000 	C:\Program Files\Java\jdk-21\bin\verify.dll

dbghelp: loaded successfully - version: 4.0.5 - missing functions: none
symbol engine: initialized successfully - sym options: 0x614 - pdb path: .;C:\Program Files\Java\jdk-21\bin;C:\WINDOWS\SYSTEM32;C:\WINDOWS\WinSxS\amd64_microsoft.windows.common-controls_6595b64144ccf1df_6.0.26100.7019_none_3e06ffa0e335b8a8;C:\Program Files\Java\jdk-21\bin\server;D:\Netbeans\netbeans\java\maven\lib\jansi-native\Windows\x86_64

VM Arguments:
jvm_args: --enable-native-access=ALL-UNNAMED -Dclassworlds.conf=D:\Netbeans\netbeans\java\maven\bin\m2.conf -Dmaven.home=D:\Netbeans\netbeans\java\maven -Dlibrary.jansi.path=D:\Netbeans\netbeans\java\maven\lib\jansi-native -Dmaven.multiModuleProjectDirectory=C:\Users\alons\OneDrive\Escritorio\Squirlearn\SquirlearnBusiness 
java_command: org.codehaus.plexus.classworlds.launcher.Launcher -Dmaven.ext.class.path=D:\Netbeans\netbeans\java\maven-nblib\netbeans-eventspy.jar --no-transfer-progress clean install
java_class_path (initial): D:\Netbeans\netbeans\java\maven\boot\plexus-classworlds-2.9.0.jar
Launcher Type: SUN_STANDARD

[Global flags]
     intx CICompilerCount                          = 4                                         {product} {ergonomic}
     uint ConcGCThreads                            = 2                                         {product} {ergonomic}
     uint G1ConcRefinementThreads                  = 8                                         {product} {ergonomic}
   size_t G1HeapRegionSize                         = 1048576                                   {product} {ergonomic}
    uintx GCDrainStackTargetSize                   = 64                                        {product} {ergonomic}
   size_t InitialHeapSize                          = 117440512                                 {product} {ergonomic}
   size_t MarkStackSize                            = 4194304                                   {product} {ergonomic}
   size_t MaxHeapSize                              = 1862270976                                {product} {ergonomic}
   size_t MaxNewSize                               = 1116733440                                {product} {ergonomic}
   size_t MinHeapDeltaBytes                        = 1048576                                   {product} {ergonomic}
   size_t MinHeapSize                              = 8388608                                   {product} {ergonomic}
    uintx NonNMethodCodeHeapSize                   = 5839372                                {pd product} {ergonomic}
    uintx NonProfiledCodeHeapSize                  = 122909434                              {pd product} {ergonomic}
    uintx ProfiledCodeHeapSize                     = 122909434                              {pd product} {ergonomic}
    uintx ReservedCodeCacheSize                    = 251658240                              {pd product} {ergonomic}
     bool SegmentedCodeCache                       = true                                      {product} {ergonomic}
   size_t SoftMaxHeapSize                          = 1862270976                             {manageable} {ergonomic}
     bool UseCompressedOops                        = true                           {product lp64_product} {ergonomic}
     bool UseG1GC                                  = true                                      {product} {ergonomic}
     bool UseLargePagesIndividualAllocation        = false                                  {pd product} {ergonomic}

Logging:
Log output configuration:
 #0: stdout all=warning uptime,level,tags foldmultilines=false
 #1: stderr all=off uptime,level,tags foldmultilines=false

Environment Variables:
JAVA_HOME=C:\Program Files\Java\jdk-21
PATH=C:\Program Files\Common Files\Oracle\Java\javapath;D:\oracle\dbhomeXE\bin;C:\Program Files (x86)\Common Files\Oracle\Java\javapath;C:\Program Files (x86)\Common Files\Intel\Shared Libraries\redist\intel64\compiler;C:\WINDOWS\system32;C:\WINDOWS;C:\WINDOWS\System32\Wbem;C:\WINDOWS\System32\WindowsPowerShell\v1.0\;C:\WINDOWS\System32\OpenSSH\;C:\Users\alons\AppData\Local\Programs\Python\Python311;C:\Users\alons\AppData\Local\Programs\Python\Python311\Scripts;D:\Copilador\mingw64\bin;C:\MinGW\bin;C:\MinGW\msys\1.0\bin;C:\Windows\Microsoft.NET\Framework64\v4.0.30319;C:\Program Files\dotnet\;C:\Program Files\dotnet;D:\Clion\CLion 2025.2\bin;D:\Clion\CLion 2025.2\bin\mingw\bin;C:\Program Files\Microsoft SQL Server\150\Tools\Binn\;C:\Program Files\Microsoft SQL Server\Client SDK\ODBC\170\Tools\Binn\;C:\Program Files (x86)\Microsoft SQL Server\160\Tools\Binn\;C:\Program Files\Microsoft SQL Server\160\Tools\Binn\;C:\Program Files\Microsoft SQL Server\160\DTS\Binn\;D:\Git\Git\cmd;C:\Program Files\Java\jdk-21\bin;C:\Users\alons\AppData\Local\Microsoft\WindowsApps;C:\Users\alons\AppData\Local\Programs\Python\Python311;C:\Users\alons\AppData\Local\Programs\Python\Python311\Scripts;C:\MinGW\bin;C:\Users\alons\.dotnet\tools;
USERNAME=alons
OS=Windows_NT
PROCESSOR_IDENTIFIER=AMD64 Family 23 Model 24 Stepping 1, AuthenticAMD
TMP=C:\Users\alons\AppData\Local\Temp
TEMP=C:\Users\alons\AppData\Local\Temp




Periodic native trim disabled

---------------  S Y S T E M  ---------------

OS:
 Windows 11 , 64 bit Build 26100 (10.0.26100.7019)
OS uptime: 8 days 23:33 hours
Hyper-V role detected

CPU: total 8 (initial active 8) (8 cores per cpu, 2 threads per core) family 23 model 24 stepping 1 microcode 0x8108109, cx8, cmov, fxsr, ht, mmx, 3dnowpref, sse, sse2, sse3, ssse3, sse4a, sse4.1, sse4.2, popcnt, lzcnt, tsc, tscinvbit, avx, avx2, aes, clmul, bmi1, bmi2, adx, sha, fma, vzeroupper, clflush, clflushopt, hv, rdtscp, f16c
Processor Information for all 8 processors :
  Max Mhz: 2300, Current Mhz: 2300, Mhz Limit: 2300

Memory: 4k page, system-wide physical 7103M (390M free)
TotalPageFile size 28607M (AvailPageFile size 0M)
current process WorkingSet (physical memory assigned to process): 86M, peak: 86M
current process commit charge ("private bytes"): 213M, peak: 213M

vm_info: Java HotSpot(TM) 64-Bit Server VM (21.0.9+7-LTS-338) for windows-amd64 JRE (21.0.9+7-LTS-338), built on 2025-09-26T06:33:49Z by "mach5run" with MS VC++ 17.6 (VS2022)

END.
