#
# There is insufficient memory for the Java Runtime Environment to continue.
# Native memory allocation (mmap) failed to map 117440512 bytes for G1 virtual space
# Possible reasons:
#   The system is out of physical RAM or swap space
#   The process is running with CompressedOops enabled, and the Java Heap may be blocking the growth of the native heap
# Possible solutions:
#   Reduce memory load on the system
#   Increase physical memory or swap space
#   Check if swap backing store is full
#   Decrease Java heap size (-Xmx/-Xms)
#   Decrease number of Java threads
#   Decrease Java thread stack sizes (-Xss)
#   Set larger code cache with -XX:ReservedCodeCacheSize=
#   JVM is running with Unscaled Compressed Oops mode in which the Java heap is
#     placed in the first 4GB address space. The Java Heap base address is the
#     maximum limit for the native heap growth. Please use -XX:HeapBaseMinAddress
#     to set the Java Heap base and to place the Java Heap above 4GB virtual address.
# This output file may be truncated or incomplete.
#
#  Out of Memory Error (os_windows.cpp:3603), pid=21032, tid=25920
#
# JRE version:  (21.0.9+7) (build )
# Java VM: Java HotSpot(TM) 64-Bit Server VM (21.0.9+7-LTS-338, mixed mode, sharing, tiered, compressed oops, compressed class ptrs, g1 gc, windows-amd64)
# No core dump will be written. Minidumps are not enabled by default on client versions of Windows
#

---------------  S U M M A R Y ------------

Command Line: --enable-native-access=ALL-UNNAMED 

Host: AMD Ryzen 7 3700U with Radeon Vega Mobile Gfx  , 8 cores, 6G,  Windows 11 , 64 bit Build 26100 (10.0.26100.7019)
Time: Thu Nov 20 14:06:51 2025 Hora est. Pacífico, Sudamérica elapsed time: 1.217757 seconds (0d 0h 0m 1s)

---------------  T H R E A D  ---------------

Current thread (0x0000025899c09390):  JavaThread "Unknown thread" [_thread_in_vm, id=25920, stack(0x000000b473700000,0x000000b473800000) (1024K)]

Stack: [0x000000b473700000,0x000000b473800000]
Native frames: (J=compiled Java code, j=interpreted, Vv=VM code, C=native code)
V  [jvm.dll+0x6cbf89]
V  [jvm.dll+0x858421]
V  [jvm.dll+0x85a94e]
V  [jvm.dll+0x85b023]
V  [jvm.dll+0x27ebc6]
V  [jvm.dll+0x6c8705]
V  [jvm.dll+0x6bd26a]
V  [jvm.dll+0x354a0a]
V  [jvm.dll+0x35c686]
V  [jvm.dll+0x3af79e]
V  [jvm.dll+0x3afa48]
V  [jvm.dll+0x328d1c]
V  [jvm.dll+0x32987b]
V  [jvm.dll+0x821739]
V  [jvm.dll+0x3bc481]
V  [jvm.dll+0x80a9b8]
V  [jvm.dll+0x45166e]
V  [jvm.dll+0x453261]
C  [jli.dll+0x52a3]
C  [ucrtbase.dll+0x37b0]
C  [KERNEL32.DLL+0x2e8d7]
C  [ntdll.dll+0x8c53c]


---------------  P R O C E S S  ---------------

Threads class SMR info:
_java_thread_list=0x00007ffbbb24fc08, length=0, elements={
}

Java Threads: ( => current thread )
Total: 0

Other Threads:
  0x0000025899c536f0 WorkerThread "GC Thread#0"                     [id=30088, stack(0x000000b473800000,0x000000b473900000) (1024K)]
  0x0000025899c624e0 ConcurrentGCThread "G1 Main Marker"            [id=17332, stack(0x000000b473900000,0x000000b473a00000) (1024K)]
  0x0000025899c62ff0 WorkerThread "G1 Conc#0"                       [id=33960, stack(0x000000b473a00000,0x000000b473b00000) (1024K)]

[error occurred during error reporting (printing all threads), id 0xc0000005, EXCEPTION_ACCESS_VIOLATION (0xc0000005) at pc=0x00007ffbba9bb4a7]
VM state: not at safepoint (not fully initialized)

VM Mutex/Monitor currently owned by a thread:  ([mutex/lock_event])
[0x00007ffbbb2c0ef0] Heap_lock - owner thread: 0x0000025899c09390

Heap address: 0x0000000091000000, size: 1776 MB, Compressed Oops mode: 32-bit

CDS archive(s) mapped at: [0x0000000000000000-0x0000000000000000-0x0000000000000000), size 0, SharedBaseAddress: 0x0000000800000000, ArchiveRelocationMode: 1.
Narrow klass base: 0x0000000000000000, Narrow klass shift: 0, Narrow klass range: 0x0

GC Precious Log:
 CardTable entry size: 512
 Card Set container configuration: InlinePtr #cards 5 size 8 Array Of Cards #cards 12 size 40 Howl #buckets 4 coarsen threshold 1843 Howl Bitmap #cards 512 size 80 coarsen threshold 460 Card regions per heap region 1 cards per card region 2048

Heap:
 garbage-first heap   total 0K, used 0K [0x0000000091000000, 0x0000000100000000)
  region size 1024K, 0 young (0K), 0 survivors (0K)

[error occurred during error reporting (printing heap information), id 0xc0000005, EXCEPTION_ACCESS_VIOLATION (0xc0000005) at pc=0x00007ffbbada4ff9]
GC Heap History (0 events):
No events

Dll operation events (1 events):
Event: 0.027 Loaded shared library C:\Program Files\Java\jdk-21\bin\java.dll

Deoptimization events (0 events):
No events

Classes loaded (0 events):
No events

Classes unloaded (0 events):
No events

Classes redefined (0 events):
No events

Internal exceptions (0 events):
No events

ZGC Phase Switch (0 events):
No events

VM Operations (0 events):
No events

Events (0 events):
No events


Dynamic libraries:
0x00007ff7781c0000 - 0x00007ff7781d0000 	C:\Program Files\Java\jdk-21\bin\java.exe
0x00007ffc79be0000 - 0x00007ffc79e48000 	C:\WINDOWS\SYSTEM32\ntdll.dll
0x00007ffc78640000 - 0x00007ffc78709000 	C:\WINDOWS\System32\KERNEL32.DLL
0x00007ffc772d0000 - 0x00007ffc776c8000 	C:\WINDOWS\System32\KERNELBASE.dll
0x00007ffc76d30000 - 0x00007ffc76e7b000 	C:\WINDOWS\System32\ucrtbase.dll
0x00007ffc3aae0000 - 0x00007ffc3aaf9000 	C:\Program Files\Java\jdk-21\bin\jli.dll
0x00007ffc79920000 - 0x00007ffc799d4000 	C:\WINDOWS\System32\ADVAPI32.dll
0x00007ffc78710000 - 0x00007ffc787b9000 	C:\WINDOWS\System32\msvcrt.dll
0x00007ffc79740000 - 0x00007ffc797e6000 	C:\WINDOWS\System32\sechost.dll
0x00007ffc78fe0000 - 0x00007ffc790f8000 	C:\WINDOWS\System32\RPCRT4.dll
0x00007ffc79100000 - 0x00007ffc792c7000 	C:\WINDOWS\System32\USER32.dll
0x00007ffc76ff0000 - 0x00007ffc77017000 	C:\WINDOWS\System32\win32u.dll
0x00007ffc798f0000 - 0x00007ffc7991b000 	C:\WINDOWS\System32\GDI32.dll
0x00007ffc776d0000 - 0x00007ffc777fc000 	C:\WINDOWS\System32\gdi32full.dll
0x00007ffc76e80000 - 0x00007ffc76f23000 	C:\WINDOWS\System32\msvcp_win.dll
0x00007ffc3aac0000 - 0x00007ffc3aadb000 	C:\Program Files\Java\jdk-21\bin\VCRUNTIME140.dll
0x00007ffc61580000 - 0x00007ffc61814000 	C:\WINDOWS\WinSxS\amd64_microsoft.windows.common-controls_6595b64144ccf1df_6.0.26100.7019_none_3e06ffa0e335b8a8\COMCTL32.dll
0x00007ffc6f350000 - 0x00007ffc6f35b000 	C:\WINDOWS\SYSTEM32\VERSION.dll
0x00007ffc77980000 - 0x00007ffc779b1000 	C:\WINDOWS\System32\IMM32.DLL
0x00007ffc46b10000 - 0x00007ffc46b1c000 	C:\Program Files\Java\jdk-21\bin\vcruntime140_1.dll
0x00007ffc0f3f0000 - 0x00007ffc0f47e000 	C:\Program Files\Java\jdk-21\bin\msvcp140.dll
0x00007ffbba680000 - 0x00007ffbbb39d000 	C:\Program Files\Java\jdk-21\bin\server\jvm.dll
0x00007ffc78070000 - 0x00007ffc780e4000 	C:\WINDOWS\System32\WS2_32.dll
0x00007ffc76b90000 - 0x00007ffc76bee000 	C:\WINDOWS\SYSTEM32\POWRPROF.dll
0x00007ffc73780000 - 0x00007ffc737b5000 	C:\WINDOWS\SYSTEM32\WINMM.dll
0x00007ffc76b70000 - 0x00007ffc76b84000 	C:\WINDOWS\SYSTEM32\UMPDC.dll
0x00007ffc75af0000 - 0x00007ffc75b0b000 	C:\WINDOWS\SYSTEM32\kernel.appcore.dll
0x00007ffc454a0000 - 0x00007ffc454aa000 	C:\Program Files\Java\jdk-21\bin\jimage.dll
0x00007ffc74140000 - 0x00007ffc74382000 	C:\WINDOWS\SYSTEM32\DBGHELP.DLL
0x00007ffc77ce0000 - 0x00007ffc7806b000 	C:\WINDOWS\System32\combase.dll
0x00007ffc79660000 - 0x00007ffc79737000 	C:\WINDOWS\System32\OLEAUT32.dll
0x00007ffc633f0000 - 0x00007ffc6342c000 	C:\WINDOWS\SYSTEM32\dbgcore.DLL
0x00007ffc77220000 - 0x00007ffc772c5000 	C:\WINDOWS\System32\bcryptPrimitives.dll
0x00007ffc3aaa0000 - 0x00007ffc3aabf000 	C:\Program Files\Java\jdk-21\bin\java.dll

dbghelp: loaded successfully - version: 4.0.5 - missing functions: none
symbol engine: initialized successfully - sym options: 0x614 - pdb path: .;C:\Program Files\Java\jdk-21\bin;C:\WINDOWS\SYSTEM32;C:\WINDOWS\WinSxS\amd64_microsoft.windows.common-controls_6595b64144ccf1df_6.0.26100.7019_none_3e06ffa0e335b8a8;C:\Program Files\Java\jdk-21\bin\server

VM Arguments:
jvm_args: --enable-native-access=ALL-UNNAMED 
java_command: <unknown>
java_class_path (initial): <not set>
Launcher Type: SUN_STANDARD

[Global flags]
     intx CICompilerCount                          = 4                                         {product} {ergonomic}
     uint ConcGCThreads                            = 2                                         {product} {ergonomic}
     uint G1ConcRefinementThreads                  = 8                                         {product} {ergonomic}
   size_t G1HeapRegionSize                         = 1048576                                   {product} {ergonomic}
    uintx GCDrainStackTargetSize                   = 64                                        {product} {ergonomic}
   size_t InitialHeapSize                          = 117440512                                 {product} {ergonomic}
   size_t MarkStackSize                            = 4194304                                   {product} {ergonomic}
   size_t MaxHeapSize                              = 1862270976                                {product} {ergonomic}
   size_t MinHeapDeltaBytes                        = 1048576                                   {product} {ergonomic}
   size_t MinHeapSize                              = 8388608                                   {product} {ergonomic}
    uintx NonNMethodCodeHeapSize                   = 5839372                                {pd product} {ergonomic}
    uintx NonProfiledCodeHeapSize                  = 122909434                              {pd product} {ergonomic}
    uintx ProfiledCodeHeapSize                     = 122909434                              {pd product} {ergonomic}
    uintx ReservedCodeCacheSize                    = 251658240                              {pd product} {ergonomic}
     bool SegmentedCodeCache                       = true                                      {product} {ergonomic}
   size_t SoftMaxHeapSize                          = 1862270976                             {manageable} {ergonomic}
     bool UseCompressedOops                        = true                           {product lp64_product} {ergonomic}
     bool UseG1GC                                  = true                                      {product} {ergonomic}
     bool UseLargePagesIndividualAllocation        = false                                  {pd product} {ergonomic}

Logging:
Log output configuration:
 #0: stdout all=warning uptime,level,tags foldmultilines=false
 #1: stderr all=off uptime,level,tags foldmultilines=false

Environment Variables:
JAVA_HOME=C:\Program Files\Java\jdk-21
PATH=C:\Program Files\Common Files\Oracle\Java\javapath;D:\oracle\dbhomeXE\bin;C:\Program Files (x86)\Common Files\Oracle\Java\javapath;C:\Program Files (x86)\Common Files\Intel\Shared Libraries\redist\intel64\compiler;C:\WINDOWS\system32;C:\WINDOWS;C:\WINDOWS\System32\Wbem;C:\WINDOWS\System32\WindowsPowerShell\v1.0\;C:\WINDOWS\System32\OpenSSH\;C:\Users\alons\AppData\Local\Programs\Python\Python311;C:\Users\alons\AppData\Local\Programs\Python\Python311\Scripts;D:\Copilador\mingw64\bin;C:\MinGW\bin;C:\MinGW\msys\1.0\bin;C:\Windows\Microsoft.NET\Framework64\v4.0.30319;C:\Program Files\dotnet\;C:\Program Files\dotnet;D:\Clion\CLion 2025.2\bin;D:\Clion\CLion 2025.2\bin\mingw\bin;C:\Program Files\Microsoft SQL Server\150\Tools\Binn\;C:\Program Files\Microsoft SQL Server\Client SDK\ODBC\170\Tools\Binn\;C:\Program Files (x86)\Microsoft SQL Server\160\Tools\Binn\;C:\Program Files\Microsoft SQL Server\160\Tools\Binn\;C:\Program Files\Microsoft SQL Server\160\DTS\Binn\;D:\Git\Git\cmd;C:\Program Files\Java\jdk-21\bin;C:\Users\alons\AppData\Local\Microsoft\WindowsApps;C:\Users\alons\AppData\Local\Programs\Python\Python311;C:\Users\alons\AppData\Local\Programs\Python\Python311\Scripts;C:\MinGW\bin;C:\Users\alons\.dotnet\tools;
USERNAME=alons
OS=Windows_NT
PROCESSOR_IDENTIFIER=AMD64 Family 23 Model 24 Stepping 1, AuthenticAMD
TMP=C:\Users\alons\AppData\Local\Temp
TEMP=C:\Users\alons\AppData\Local\Temp




Periodic native trim disabled

---------------  S Y S T E M  ---------------

OS:
 Windows 11 , 64 bit Build 26100 (10.0.26100.7019)
OS uptime: 8 days 23:35 hours
Hyper-V role detected

CPU: total 8 (initial active 8) (8 cores per cpu, 2 threads per core) family 23 model 24 stepping 1 microcode 0x8108109, cx8, cmov, fxsr, ht, mmx, 3dnowpref, sse, sse2, sse3, ssse3, sse4a, sse4.1, sse4.2, popcnt, lzcnt, tsc, tscinvbit, avx, avx2, aes, clmul, bmi1, bmi2, adx, sha, fma, vzeroupper, clflush, clflushopt, hv, rdtscp, f16c
Processor Information for all 8 processors :
  Max Mhz: 2300, Current Mhz: 2300, Mhz Limit: 2300

Memory: 4k page, system-wide physical 7103M (569M free)
TotalPageFile size 28607M (AvailPageFile size 77M)
current process WorkingSet (physical memory assigned to process): 12M, peak: 12M
current process commit charge ("private bytes"): 60M, peak: 172M

vm_info: Java HotSpot(TM) 64-Bit Server VM (21.0.9+7-LTS-338) for windows-amd64 JRE (21.0.9+7-LTS-338), built on 2025-09-26T06:33:49Z by "mach5run" with MS VC++ 17.6 (VS2022)

END.
